<?xml version="1.0" encoding="UTF-8"?>
<coverage generated="1738743084099" clover="3.2.0">
  <project timestamp="1738743084099" name="All files">
    <metrics statements="143" coveredstatements="131" conditionals="45" coveredconditionals="38" methods="26" coveredmethods="25" elements="214" coveredelements="194" complexity="0" loc="143" ncloc="143" packages="1" files="6" classes="6"/>
    <file name="config.ts" path="/Users/rajkumarpanda/Documents/secrets-sync-action/src/config.ts">
      <metrics statements="6" coveredstatements="6" conditionals="4" coveredconditionals="4" methods="1" coveredmethods="1"/>
      <line num="17" count="3" type="stmt"/>
      <line num="34" count="3" type="stmt"/>
      <line num="35" count="14" type="stmt"/>
      <line num="61" count="13" type="cond" truecount="1" falsecount="0"/>
      <line num="62" count="4" type="stmt"/>
      <line num="65" count="13" type="stmt"/>
    </file>
    <file name="github.ts" path="/Users/rajkumarpanda/Documents/secrets-sync-action/src/github.ts">
      <metrics statements="79" coveredstatements="78" conditionals="28" coveredconditionals="25" methods="14" coveredmethods="14"/>
      <line num="17" count="2" type="stmt"/>
      <line num="19" count="2" type="stmt"/>
      <line num="20" count="2" type="stmt"/>
      <line num="21" count="2" type="stmt"/>
      <line num="22" count="2" type="stmt"/>
      <line num="35" count="2" type="stmt"/>
      <line num="37" count="2" type="stmt"/>
      <line num="39" count="4" type="stmt"/>
      <line num="40" count="4" type="stmt"/>
      <line num="72" count="4" type="stmt"/>
      <line num="79" count="4" type="stmt"/>
      <line num="82" count="2" type="stmt"/>
      <line num="89" count="1" type="stmt"/>
      <line num="91" count="1" type="stmt"/>
      <line num="92" count="3" type="stmt"/>
      <line num="93" count="3" type="stmt"/>
      <line num="97" count="3" type="stmt"/>
      <line num="99" count="3" type="stmt"/>
      <line num="102" count="2" type="stmt"/>
      <line num="113" count="2" type="stmt"/>
      <line num="119" count="2" type="stmt"/>
      <line num="120" count="6" type="stmt"/>
      <line num="123" count="2" type="stmt"/>
      <line num="126" count="2" type="stmt"/>
      <line num="135" count="2" type="stmt"/>
      <line num="137" count="2" type="stmt"/>
      <line num="138" count="4" type="stmt"/>
      <line num="143" count="4" type="stmt"/>
      <line num="145" count="4" type="cond" truecount="1" falsecount="0"/>
      <line num="146" count="2" type="stmt"/>
      <line num="149" count="8" type="stmt"/>
      <line num="152" count="2" type="stmt"/>
      <line num="156" count="4" type="stmt"/>
      <line num="158" count="4" type="stmt"/>
      <line num="159" count="8" type="stmt"/>
      <line num="163" count="2" type="stmt"/>
      <line num="169" count="11" type="stmt"/>
      <line num="171" count="11" type="cond" truecount="1" falsecount="0"/>
      <line num="172" count="11" type="cond" truecount="2" falsecount="0"/>
      <line num="173" count="4" type="stmt"/>
      <line num="180" count="4" type="stmt"/>
      <line num="182" count="4" type="stmt"/>
      <line num="184" count="7" type="stmt"/>
      <line num="186" count="7" type="cond" truecount="4" falsecount="0"/>
      <line num="188" count="2" type="stmt"/>
      <line num="195" count="2" type="stmt"/>
      <line num="197" count="2" type="stmt"/>
      <line num="199" count="2" type="stmt"/>
      <line num="206" count="2" type="stmt"/>
      <line num="208" count="2" type="stmt"/>
      <line num="211" count="3" type="stmt"/>
      <line num="218" count="3" type="stmt"/>
      <line num="220" count="3" type="stmt"/>
      <line num="225" count="0" type="stmt"/>
      <line num="228" count="2" type="stmt"/>
      <line num="238" count="11" type="stmt"/>
      <line num="240" count="11" type="stmt"/>
      <line num="241" count="11" type="stmt"/>
      <line num="242" count="11" type="cond" truecount="1" falsecount="1"/>
      <line num="244" count="11" type="stmt"/>
      <line num="246" count="11" type="cond" truecount="1" falsecount="0"/>
      <line num="247" count="4" type="cond" truecount="4" falsecount="0"/>
      <line num="249" count="1" type="stmt"/>
      <line num="257" count="1" type="stmt"/>
      <line num="266" count="2" type="cond" truecount="2" falsecount="0"/>
      <line num="267" count="1" type="stmt"/>
      <line num="275" count="1" type="stmt"/>
      <line num="287" count="2" type="stmt"/>
      <line num="297" count="7" type="cond" truecount="1" falsecount="1"/>
      <line num="299" count="7" type="stmt"/>
      <line num="301" count="7" type="stmt"/>
      <line num="302" count="7" type="cond" truecount="1" falsecount="0"/>
      <line num="303" count="4" type="stmt"/>
      <line num="304" count="4" type="cond" truecount="4" falsecount="0"/>
      <line num="306" count="1" type="stmt"/>
      <line num="310" count="1" type="stmt"/>
      <line num="315" count="2" type="cond" truecount="2" falsecount="0"/>
      <line num="316" count="1" type="stmt"/>
      <line num="320" count="1" type="stmt"/>
    </file>
    <file name="index.ts" path="/Users/rajkumarpanda/Documents/secrets-sync-action/src/index.ts">
      <metrics statements="11" coveredstatements="0" conditionals="4" coveredconditionals="0" methods="1" coveredmethods="0"/>
      <line num="1" count="0" type="stmt"/>
      <line num="2" count="0" type="stmt"/>
      <line num="3" count="0" type="stmt"/>
      <line num="6" count="0" type="stmt"/>
      <line num="8" count="0" type="stmt"/>
      <line num="9" count="0" type="stmt"/>
      <line num="11" count="0" type="cond" truecount="0" falsecount="4"/>
      <line num="12" count="0" type="stmt"/>
      <line num="15" count="0" type="stmt"/>
      <line num="17" count="0" type="stmt"/>
      <line num="22" count="0" type="stmt"/>
    </file>
    <file name="main.ts" path="/Users/rajkumarpanda/Documents/secrets-sync-action/src/main.ts">
      <metrics statements="27" coveredstatements="27" conditionals="5" coveredconditionals="5" methods="4" coveredmethods="4"/>
      <line num="17" count="1" type="stmt"/>
      <line num="19" count="1" type="stmt"/>
      <line num="28" count="1" type="stmt"/>
      <line num="29" count="1" type="stmt"/>
      <line num="30" count="1" type="stmt"/>
      <line num="32" count="1" type="stmt"/>
      <line num="33" count="4" type="stmt"/>
      <line num="34" count="4" type="stmt"/>
      <line num="35" count="4" type="stmt"/>
      <line num="43" count="4" type="stmt"/>
      <line num="44" count="9" type="cond" truecount="1" falsecount="0"/>
      <line num="45" count="1" type="stmt"/>
      <line num="48" count="1" type="stmt"/>
      <line num="51" count="3" type="stmt"/>
      <line num="57" count="3" type="cond" truecount="2" falsecount="0"/>
      <line num="58" count="1" type="stmt"/>
      <line num="63" count="2" type="stmt"/>
      <line num="78" count="3" type="stmt"/>
      <line num="80" count="3" type="stmt"/>
      <line num="98" count="3" type="stmt"/>
      <line num="99" count="3" type="stmt"/>
      <line num="100" count="3" type="stmt"/>
      <line num="101" count="3" type="stmt"/>
      <line num="102" count="3" type="cond" truecount="2" falsecount="0"/>
      <line num="106" count="3" type="stmt"/>
      <line num="108" count="3" type="stmt"/>
      <line num="122" count="3" type="stmt"/>
    </file>
    <file name="secrets.ts" path="/Users/rajkumarpanda/Documents/secrets-sync-action/src/secrets.ts">
      <metrics statements="11" coveredstatements="11" conditionals="4" coveredconditionals="4" methods="5" coveredmethods="5"/>
      <line num="17" count="2" type="stmt"/>
      <line num="24" count="2" type="stmt"/>
      <line num="28" count="7" type="stmt"/>
      <line num="29" count="7" type="stmt"/>
      <line num="31" count="7" type="stmt"/>
      <line num="33" count="7" type="stmt"/>
      <line num="35" count="82" type="cond" truecount="2" falsecount="0"/>
      <line num="39" count="78" type="cond" truecount="1" falsecount="0"/>
      <line num="40" count="77" type="stmt"/>
      <line num="43" count="78" type="stmt"/>
      <line num="45" count="78" type="stmt"/>
    </file>
    <file name="utils.ts" path="/Users/rajkumarpanda/Documents/secrets-sync-action/src/utils.ts">
      <metrics statements="9" coveredstatements="9" conditionals="0" coveredconditionals="0" methods="1" coveredmethods="1"/>
      <line num="17" count="3" type="stmt"/>
      <line num="20" count="3" type="stmt"/>
      <line num="22" count="3" type="stmt"/>
      <line num="24" count="12" type="stmt"/>
      <line num="25" count="12" type="stmt"/>
      <line num="28" count="12" type="stmt"/>
      <line num="31" count="12" type="stmt"/>
      <line num="34" count="12" type="stmt"/>
      <line num="36" count="12" type="stmt"/>
    </file>
  </project>
</coverage>
