{"/Users/rajkumarpanda/Documents/secrets-sync-action/src/config.ts": {"path":"/Users/rajkumarpanda/Documents/secrets-sync-action/src/config.ts","statementMap":{"0":{"start":{"line":17,"column":0},"end":{"line":17,"column":38}},"1":{"start":{"line":35,"column":17},"end":{"line":59,"column":4}},"2":{"start":{"line":61,"column":2},"end":{"line":63,"column":null}},"3":{"start":{"line":62,"column":4},"end":{"line":62,"column":72}},"4":{"start":{"line":65,"column":2},"end":{"line":65,"column":16}},"5":{"start":{"line":34,"column":0},"end":{"line":34,"column":16}}},"fnMap":{"0":{"name":"getConfig","decl":{"start":{"line":34,"column":16},"end":{"line":34,"column":25}},"loc":{"start":{"line":34,"column":25},"end":{"line":66,"column":1}}}},"branchMap":{"0":{"loc":{"start":{"line":37,"column":6},"end":{"line":39,"column":30}},"type":"binary-expr","locations":[{"start":{"line":37,"column":6},"end":{"line":37,"column":37}},{"start":{"line":38,"column":6},"end":{"line":38,"column":32}},{"start":{"line":39,"column":6},"end":{"line":39,"column":30}}]},"1":{"loc":{"start":{"line":61,"column":2},"end":{"line":63,"column":null}},"type":"if","locations":[{"start":{"line":61,"column":2},"end":{"line":63,"column":null}}]}},"s":{"0":3,"1":14,"2":13,"3":4,"4":13,"5":3},"f":{"0":14},"b":{"0":[14,13,2],"1":[4]}}
,"/Users/rajkumarpanda/Documents/secrets-sync-action/src/github.ts": {"path":"/Users/rajkumarpanda/Documents/secrets-sync-action/src/github.ts","statementMap":{"0":{"start":{"line":17,"column":0},"end":{"line":17,"column":38}},"1":{"start":{"line":19,"column":0},"end":{"line":19,"column":40}},"2":{"start":{"line":20,"column":0},"end":{"line":20,"column":34}},"3":{"start":{"line":21,"column":0},"end":{"line":21,"column":37}},"4":{"start":{"line":22,"column":0},"end":{"line":22,"column":46}},"5":{"start":{"line":35,"column":13},"end":{"line":35,"column":63}},"6":{"start":{"line":37,"column":21},"end":{"line":37,"column":42}},"7":{"start":{"line":39,"column":50},"end":{"line":39,"column":null}},"8":{"start":{"line":40,"column":18},"end":{"line":40,"column":37}},"9":{"start":{"line":72,"column":25},"end":{"line":77,"column":4}},"10":{"start":{"line":79,"column":2},"end":{"line":79,"column":68}},"11":{"start":{"line":39,"column":0},"end":{"line":39,"column":16}},"12":{"start":{"line":89,"column":30},"end":{"line":89,"column":32}},"13":{"start":{"line":91,"column":2},"end":{"line":98,"column":null}},"14":{"start":{"line":92,"column":36},"end":{"line":92,"column":54}},"15":{"start":{"line":93,"column":21},"end":{"line":96,"column":6}},"16":{"start":{"line":97,"column":4},"end":{"line":97,"column":30}},"17":{"start":{"line":99,"column":2},"end":{"line":99,"column":42}},"18":{"start":{"line":99,"column":29},"end":{"line":99,"column":40}},"19":{"start":{"line":82,"column":0},"end":{"line":82,"column":22}},"20":{"start":{"line":113,"column":16},"end":{"line":117,"column":4}},"21":{"start":{"line":119,"column":2},"end":{"line":121,"column":4}},"22":{"start":{"line":120,"column":63},"end":{"line":120,"column":74}},"23":{"start":{"line":123,"column":2},"end":{"line":123,"column":48}},"24":{"start":{"line":102,"column":0},"end":{"line":102,"column":22}},"25":{"start":{"line":135,"column":30},"end":{"line":135,"column":32}},"26":{"start":{"line":137,"column":2},"end":{"line":148,"column":null}},"27":{"start":{"line":137,"column":18},"end":{"line":137,"column":19}},"28":{"start":{"line":138,"column":21},"end":{"line":142,"column":6}},"29":{"start":{"line":143,"column":4},"end":{"line":143,"column":33}},"30":{"start":{"line":145,"column":4},"end":{"line":147,"column":null}},"31":{"start":{"line":146,"column":6},"end":{"line":146,"column":12}},"32":{"start":{"line":149,"column":2},"end":{"line":149,"column":42}},"33":{"start":{"line":149,"column":29},"end":{"line":149,"column":40}},"34":{"start":{"line":126,"column":0},"end":{"line":126,"column":22}},"35":{"start":{"line":156,"column":24},"end":{"line":156,"column":58}},"36":{"start":{"line":156,"column":44},"end":{"line":156,"column":57}},"37":{"start":{"line":158,"column":2},"end":{"line":160,"column":4}},"38":{"start":{"line":159,"column":14},"end":{"line":159,"column":72}},"39":{"start":{"line":159,"column":42},"end":{"line":159,"column":64}},"40":{"start":{"line":152,"column":0},"end":{"line":152,"column":16}},"41":{"start":{"line":169,"column":18},"end":{"line":169,"column":42}},"42":{"start":{"line":171,"column":2},"end":{"line":223,"column":null}},"43":{"start":{"line":172,"column":4},"end":{"line":222,"column":null}},"44":{"start":{"line":173,"column":6},"end":{"line":178,"column":26}},"45":{"start":{"line":180,"column":6},"end":{"line":180,"column":42}},"46":{"start":{"line":182,"column":6},"end":{"line":182,"column":23}},"47":{"start":{"line":184,"column":28},"end":{"line":184,"column":53}},"48":{"start":{"line":186,"column":6},"end":{"line":221,"column":null}},"49":{"start":{"line":188,"column":10},"end":{"line":193,"column":30}},"50":{"start":{"line":195,"column":10},"end":{"line":195,"column":46}},"51":{"start":{"line":197,"column":10},"end":{"line":197,"column":27}},"52":{"start":{"line":199,"column":10},"end":{"line":204,"column":30}},"53":{"start":{"line":206,"column":10},"end":{"line":206,"column":46}},"54":{"start":{"line":208,"column":10},"end":{"line":208,"column":27}},"55":{"start":{"line":211,"column":10},"end":{"line":216,"column":30}},"56":{"start":{"line":218,"column":10},"end":{"line":218,"column":46}},"57":{"start":{"line":220,"column":10},"end":{"line":220,"column":27}},"58":{"start":{"line":225,"column":2},"end":{"line":225,"column":19}},"59":{"start":{"line":163,"column":0},"end":{"line":163,"column":22}},"60":{"start":{"line":238,"column":34},"end":{"line":238,"column":59}},"61":{"start":{"line":240,"column":20},"end":{"line":240,"column":74}},"62":{"start":{"line":241,"column":26},"end":{"line":241,"column":56}},"63":{"start":{"line":242,"column":21},"end":{"line":242,"column":72}},"64":{"start":{"line":244,"column":2},"end":{"line":244,"column":64}},"65":{"start":{"line":246,"column":2},"end":{"line":284,"column":null}},"66":{"start":{"line":247,"column":4},"end":{"line":283,"column":null}},"67":{"start":{"line":249,"column":8},"end":{"line":255,"column":11}},"68":{"start":{"line":257,"column":8},"end":{"line":263,"column":11}},"69":{"start":{"line":266,"column":8},"end":{"line":282,"column":null}},"70":{"start":{"line":267,"column":10},"end":{"line":273,"column":13}},"71":{"start":{"line":275,"column":10},"end":{"line":281,"column":13}},"72":{"start":{"line":228,"column":0},"end":{"line":228,"column":22}},"73":{"start":{"line":297,"column":21},"end":{"line":297,"column":72}},"74":{"start":{"line":299,"column":2},"end":{"line":299,"column":59}},"75":{"start":{"line":301,"column":2},"end":{"line":328,"column":null}},"76":{"start":{"line":302,"column":4},"end":{"line":325,"column":null}},"77":{"start":{"line":303,"column":21},"end":{"line":303,"column":29}},"78":{"start":{"line":304,"column":6},"end":{"line":324,"column":null}},"79":{"start":{"line":306,"column":10},"end":{"line":308,"column":12}},"80":{"start":{"line":310,"column":10},"end":{"line":312,"column":12}},"81":{"start":{"line":315,"column":10},"end":{"line":323,"column":null}},"82":{"start":{"line":316,"column":12},"end":{"line":318,"column":14}},"83":{"start":{"line":320,"column":12},"end":{"line":322,"column":14}},"84":{"start":{"line":287,"column":0},"end":{"line":287,"column":22}}},"fnMap":{"0":{"name":"DefaultOctokit","decl":{"start":{"line":39,"column":16},"end":{"line":39,"column":30}},"loc":{"start":{"line":39,"column":52},"end":{"line":80,"column":1}}},"1":{"name":"getRepos","decl":{"start":{"line":82,"column":22},"end":{"line":82,"column":30}},"loc":{"start":{"line":88,"column":1},"end":{"line":100,"column":null}}},"2":{"name":"(anonymous_17)","decl":{"start":{"line":99,"column":22},"end":{"line":99,"column":23}},"loc":{"start":{"line":99,"column":29},"end":{"line":99,"column":40}}},"3":{"name":"listAllMatchingRepos","decl":{"start":{"line":102,"column":22},"end":{"line":102,"column":42}},"loc":{"start":{"line":112,"column":1},"end":{"line":124,"column":null}}},"4":{"name":"(anonymous_20)","decl":{"start":{"line":120,"column":56},"end":{"line":120,"column":57}},"loc":{"start":{"line":120,"column":63},"end":{"line":120,"column":74}}},"5":{"name":"listAllReposForAuthenticatedUser","decl":{"start":{"line":126,"column":22},"end":{"line":126,"column":54}},"loc":{"start":{"line":134,"column":1},"end":{"line":150,"column":null}}},"6":{"name":"(anonymous_23)","decl":{"start":{"line":149,"column":22},"end":{"line":149,"column":23}},"loc":{"start":{"line":149,"column":29},"end":{"line":149,"column":40}}},"7":{"name":"filterReposByPatterns","decl":{"start":{"line":152,"column":16},"end":{"line":152,"column":37}},"loc":{"start":{"line":154,"column":20},"end":{"line":161,"column":1}}},"8":{"name":"(anonymous_25)","decl":{"start":{"line":156,"column":37},"end":{"line":156,"column":38}},"loc":{"start":{"line":156,"column":44},"end":{"line":156,"column":57}}},"9":{"name":"(anonymous_26)","decl":{"start":{"line":159,"column":4},"end":{"line":159,"column":5}},"loc":{"start":{"line":159,"column":14},"end":{"line":159,"column":72}}},"10":{"name":"(anonymous_27)","decl":{"start":{"line":159,"column":35},"end":{"line":159,"column":36}},"loc":{"start":{"line":159,"column":42},"end":{"line":159,"column":64}}},"11":{"name":"getPublicKey","decl":{"start":{"line":163,"column":22},"end":{"line":163,"column":34}},"loc":{"start":{"line":167,"column":16},"end":{"line":226,"column":null}}},"12":{"name":"setSecretForRepo","decl":{"start":{"line":228,"column":22},"end":{"line":228,"column":38}},"loc":{"start":{"line":236,"column":16},"end":{"line":285,"column":null}}},"13":{"name":"deleteSecretForRepo","decl":{"start":{"line":287,"column":22},"end":{"line":287,"column":41}},"loc":{"start":{"line":295,"column":16},"end":{"line":329,"column":null}}}},"branchMap":{"0":{"loc":{"start":{"line":105,"column":2},"end":{"line":105,"column":56}},"type":"default-arg","locations":[{"start":{"line":105,"column":16},"end":{"line":105,"column":56}}]},"1":{"loc":{"start":{"line":106,"column":2},"end":{"line":106,"column":15}},"type":"default-arg","locations":[{"start":{"line":106,"column":13},"end":{"line":106,"column":15}}]},"2":{"loc":{"start":{"line":145,"column":4},"end":{"line":147,"column":null}},"type":"if","locations":[{"start":{"line":145,"column":4},"end":{"line":147,"column":null}}]},"3":{"loc":{"start":{"line":171,"column":2},"end":{"line":223,"column":null}},"type":"if","locations":[{"start":{"line":171,"column":2},"end":{"line":223,"column":null}}]},"4":{"loc":{"start":{"line":172,"column":4},"end":{"line":222,"column":null}},"type":"if","locations":[{"start":{"line":172,"column":4},"end":{"line":222,"column":null}},{"start":{"line":183,"column":11},"end":{"line":222,"column":null}}]},"5":{"loc":{"start":{"line":186,"column":6},"end":{"line":221,"column":null}},"type":"switch","locations":[{"start":{"line":187,"column":8},"end":{"line":197,"column":27}},{"start":{"line":198,"column":8},"end":{"line":208,"column":27}},{"start":{"line":209,"column":8},"end":{"line":209,"column":23}},{"start":{"line":210,"column":8},"end":{"line":220,"column":27}}]},"6":{"loc":{"start":{"line":242,"column":21},"end":{"line":242,"column":72}},"type":"cond-expr","locations":[{"start":{"line":242,"column":41},"end":{"line":242,"column":65}},{"start":{"line":242,"column":68},"end":{"line":242,"column":72}}]},"7":{"loc":{"start":{"line":246,"column":2},"end":{"line":284,"column":null}},"type":"if","locations":[{"start":{"line":246,"column":2},"end":{"line":284,"column":null}}]},"8":{"loc":{"start":{"line":247,"column":4},"end":{"line":283,"column":null}},"type":"switch","locations":[{"start":{"line":248,"column":6},"end":{"line":255,"column":11}},{"start":{"line":256,"column":6},"end":{"line":263,"column":11}},{"start":{"line":264,"column":6},"end":{"line":264,"column":21}},{"start":{"line":265,"column":6},"end":{"line":282,"column":null}}]},"9":{"loc":{"start":{"line":266,"column":8},"end":{"line":282,"column":null}},"type":"if","locations":[{"start":{"line":266,"column":8},"end":{"line":282,"column":null}},{"start":{"line":274,"column":15},"end":{"line":282,"column":null}}]},"10":{"loc":{"start":{"line":297,"column":21},"end":{"line":297,"column":72}},"type":"cond-expr","locations":[{"start":{"line":297,"column":41},"end":{"line":297,"column":65}},{"start":{"line":297,"column":68},"end":{"line":297,"column":72}}]},"11":{"loc":{"start":{"line":302,"column":4},"end":{"line":325,"column":null}},"type":"if","locations":[{"start":{"line":302,"column":4},"end":{"line":325,"column":null}}]},"12":{"loc":{"start":{"line":304,"column":6},"end":{"line":324,"column":null}},"type":"switch","locations":[{"start":{"line":305,"column":8},"end":{"line":308,"column":12}},{"start":{"line":309,"column":8},"end":{"line":312,"column":12}},{"start":{"line":313,"column":8},"end":{"line":313,"column":23}},{"start":{"line":314,"column":8},"end":{"line":323,"column":null}}]},"13":{"loc":{"start":{"line":315,"column":10},"end":{"line":323,"column":null}},"type":"if","locations":[{"start":{"line":315,"column":10},"end":{"line":323,"column":null}},{"start":{"line":319,"column":17},"end":{"line":323,"column":null}}]}},"s":{"0":2,"1":2,"2":2,"3":2,"4":2,"5":2,"6":2,"7":4,"8":4,"9":4,"10":4,"11":2,"12":1,"13":1,"14":3,"15":3,"16":3,"17":1,"18":3,"19":2,"20":2,"21":2,"22":6,"23":2,"24":2,"25":2,"26":2,"27":2,"28":4,"29":4,"30":4,"31":2,"32":2,"33":8,"34":2,"35":4,"36":4,"37":4,"38":8,"39":8,"40":2,"41":11,"42":11,"43":11,"44":4,"45":4,"46":4,"47":7,"48":7,"49":2,"50":2,"51":2,"52":2,"53":2,"54":2,"55":3,"56":3,"57":3,"58":0,"59":2,"60":11,"61":11,"62":11,"63":11,"64":11,"65":11,"66":4,"67":1,"68":1,"69":2,"70":1,"71":1,"72":2,"73":7,"74":7,"75":7,"76":7,"77":4,"78":4,"79":1,"80":1,"81":2,"82":1,"83":1,"84":2},"f":{"0":4,"1":1,"2":3,"3":2,"4":6,"5":2,"6":8,"7":4,"8":4,"9":8,"10":8,"11":11,"12":11,"13":7},"b":{"0":[2],"1":[0],"2":[2],"3":[11],"4":[4,7],"5":[2,2,3,3],"6":[0,11],"7":[4],"8":[1,1,2,2],"9":[1,1],"10":[0,7],"11":[4],"12":[1,1,2,2],"13":[1,1]}}
,"/Users/rajkumarpanda/Documents/secrets-sync-action/src/index.ts": {"path":"/Users/rajkumarpanda/Documents/secrets-sync-action/src/index.ts","statementMap":{"0":{"start":{"line":1,"column":0},"end":{"line":1,"column":29}},"1":{"start":{"line":2,"column":0},"end":{"line":2,"column":38}},"2":{"start":{"line":3,"column":0},"end":{"line":3,"column":44}},"3":{"start":{"line":6,"column":18},"end":{"line":6,"column":117}},"4":{"start":{"line":8,"column":2},"end":{"line":19,"column":null}},"5":{"start":{"line":9,"column":4},"end":{"line":9,"column":48}},"6":{"start":{"line":11,"column":4},"end":{"line":18,"column":null}},"7":{"start":{"line":12,"column":6},"end":{"line":14,"column":8}},"8":{"start":{"line":15,"column":6},"end":{"line":15,"column":22}},"9":{"start":{"line":17,"column":6},"end":{"line":17,"column":74}},"10":{"start":{"line":22,"column":0},"end":{"line":22,"column":23}}},"fnMap":{"0":{"name":"validateSubscription","decl":{"start":{"line":5,"column":15},"end":{"line":5,"column":35}},"loc":{"start":{"line":5,"column":35},"end":{"line":20,"column":null}}}},"branchMap":{"0":{"loc":{"start":{"line":11,"column":4},"end":{"line":18,"column":null}},"type":"if","locations":[{"start":{"line":11,"column":4},"end":{"line":18,"column":null}},{"start":{"line":16,"column":11},"end":{"line":18,"column":null}}]},"1":{"loc":{"start":{"line":11,"column":8},"end":{"line":11,"column":45}},"type":"binary-expr","locations":[{"start":{"line":11,"column":8},"end":{"line":11,"column":27}},{"start":{"line":11,"column":31},"end":{"line":11,"column":45}}]}},"s":{"0":0,"1":0,"2":0,"3":0,"4":0,"5":0,"6":0,"7":0,"8":0,"9":0,"10":0},"f":{"0":0},"b":{"0":[0,0],"1":[0,0]}}
,"/Users/rajkumarpanda/Documents/secrets-sync-action/src/main.ts": {"path":"/Users/rajkumarpanda/Documents/secrets-sync-action/src/main.ts","statementMap":{"0":{"start":{"line":17,"column":0},"end":{"line":17,"column":38}},"1":{"start":{"line":19,"column":0},"end":{"line":19,"column":null}},"2":{"start":{"line":28,"column":0},"end":{"line":28,"column":37}},"3":{"start":{"line":29,"column":0},"end":{"line":29,"column":39}},"4":{"start":{"line":30,"column":0},"end":{"line":30,"column":29}},"5":{"start":{"line":33,"column":2},"end":{"line":128,"column":null}},"6":{"start":{"line":34,"column":19},"end":{"line":34,"column":30}},"7":{"start":{"line":35,"column":20},"end":{"line":35,"column":46}},"8":{"start":{"line":43,"column":27},"end":{"line":43,"column":66}},"9":{"start":{"line":44,"column":4},"end":{"line":49,"column":null}},"10":{"start":{"line":44,"column":36},"end":{"line":44,"column":55}},"11":{"start":{"line":45,"column":6},"end":{"line":47,"column":8}},"12":{"start":{"line":48,"column":6},"end":{"line":48,"column":13}},"13":{"start":{"line":51,"column":20},"end":{"line":54,"column":6}},"14":{"start":{"line":57,"column":4},"end":{"line":67,"column":null}},"15":{"start":{"line":58,"column":6},"end":{"line":61,"column":9}},"16":{"start":{"line":63,"column":6},"end":{"line":66,"column":9}},"17":{"start":{"line":78,"column":22},"end":{"line":78,"column":51}},"18":{"start":{"line":78,"column":39},"end":{"line":78,"column":50}},"19":{"start":{"line":80,"column":4},"end":{"line":96,"column":6}},"20":{"start":{"line":98,"column":18},"end":{"line":98,"column":44}},"21":{"start":{"line":99,"column":35},"end":{"line":99,"column":37}},"22":{"start":{"line":100,"column":4},"end":{"line":121,"column":null}},"23":{"start":{"line":101,"column":6},"end":{"line":120,"column":null}},"24":{"start":{"line":102,"column":23},"end":{"line":104,"column":28}},"25":{"start":{"line":106,"column":8},"end":{"line":119,"column":10}},"26":{"start":{"line":108,"column":12},"end":{"line":116,"column":null}},"27":{"start":{"line":122,"column":4},"end":{"line":122,"column":29}},"28":{"start":{"line":32,"column":0},"end":{"line":32,"column":22}}},"fnMap":{"0":{"name":"run","decl":{"start":{"line":32,"column":22},"end":{"line":32,"column":25}},"loc":{"start":{"line":32,"column":25},"end":{"line":129,"column":null}}},"1":{"name":"(anonymous_16)","decl":{"start":{"line":44,"column":29},"end":{"line":44,"column":30}},"loc":{"start":{"line":44,"column":36},"end":{"line":44,"column":55}}},"2":{"name":"(anonymous_17)","decl":{"start":{"line":78,"column":32},"end":{"line":78,"column":33}},"loc":{"start":{"line":78,"column":39},"end":{"line":78,"column":50}}},"3":{"name":"(anonymous_18)","decl":{"start":{"line":107,"column":16},"end":{"line":107,"column":19}},"loc":{"start":{"line":108,"column":12},"end":{"line":116,"column":null}}}},"branchMap":{"0":{"loc":{"start":{"line":44,"column":4},"end":{"line":49,"column":null}},"type":"if","locations":[{"start":{"line":44,"column":4},"end":{"line":49,"column":null}}]},"1":{"loc":{"start":{"line":57,"column":4},"end":{"line":67,"column":null}},"type":"if","locations":[{"start":{"line":57,"column":4},"end":{"line":67,"column":null}},{"start":{"line":62,"column":11},"end":{"line":67,"column":null}}]},"2":{"loc":{"start":{"line":102,"column":23},"end":{"line":104,"column":28}},"type":"cond-expr","locations":[{"start":{"line":103,"column":12},"end":{"line":103,"column":31}},{"start":{"line":104,"column":12},"end":{"line":104,"column":28}}]}},"s":{"0":1,"1":1,"2":1,"3":1,"4":1,"5":4,"6":4,"7":4,"8":4,"9":4,"10":9,"11":1,"12":1,"13":3,"14":3,"15":1,"16":2,"17":3,"18":3,"19":3,"20":3,"21":3,"22":3,"23":3,"24":3,"25":3,"26":3,"27":3,"28":1},"f":{"0":4,"1":9,"2":3,"3":3},"b":{"0":[1],"1":[1,2],"2":[1,2]}}
,"/Users/rajkumarpanda/Documents/secrets-sync-action/src/secrets.ts": {"path":"/Users/rajkumarpanda/Documents/secrets-sync-action/src/secrets.ts","statementMap":{"0":{"start":{"line":17,"column":0},"end":{"line":17,"column":38}},"1":{"start":{"line":28,"column":24},"end":{"line":28,"column":58}},"2":{"start":{"line":28,"column":44},"end":{"line":28,"column":57}},"3":{"start":{"line":29,"column":15},"end":{"line":29,"column":31}},"4":{"start":{"line":31,"column":2},"end":{"line":31,"column":59}},"5":{"start":{"line":33,"column":2},"end":{"line":46,"column":11}},"6":{"start":{"line":35,"column":6},"end":{"line":35,"column":69}},"7":{"start":{"line":35,"column":51},"end":{"line":35,"column":60}},"8":{"start":{"line":39,"column":6},"end":{"line":41,"column":null}},"9":{"start":{"line":40,"column":8},"end":{"line":40,"column":41}},"10":{"start":{"line":43,"column":6},"end":{"line":43,"column":30}},"11":{"start":{"line":45,"column":6},"end":{"line":45,"column":15}},"12":{"start":{"line":24,"column":0},"end":{"line":24,"column":16}}},"fnMap":{"0":{"name":"getSecrets","decl":{"start":{"line":24,"column":16},"end":{"line":24,"column":26}},"loc":{"start":{"line":26,"column":38},"end":{"line":47,"column":1}}},"1":{"name":"(anonymous_7)","decl":{"start":{"line":28,"column":37},"end":{"line":28,"column":38}},"loc":{"start":{"line":28,"column":44},"end":{"line":28,"column":57}}},"2":{"name":"(anonymous_8)","decl":{"start":{"line":34,"column":12},"end":{"line":34,"column":13}},"loc":{"start":{"line":34,"column":26},"end":{"line":36,"column":5}}},"3":{"name":"(anonymous_9)","decl":{"start":{"line":35,"column":44},"end":{"line":35,"column":45}},"loc":{"start":{"line":35,"column":51},"end":{"line":35,"column":60}}},"4":{"name":"(anonymous_10)","decl":{"start":{"line":37,"column":12},"end":{"line":37,"column":13}},"loc":{"start":{"line":37,"column":56},"end":{"line":46,"column":5}}}},"branchMap":{"0":{"loc":{"start":{"line":26,"column":2},"end":{"line":26,"column":38}},"type":"default-arg","locations":[{"start":{"line":26,"column":27},"end":{"line":26,"column":38}}]},"1":{"loc":{"start":{"line":35,"column":13},"end":{"line":35,"column":68}},"type":"binary-expr","locations":[{"start":{"line":35,"column":13},"end":{"line":35,"column":19}},{"start":{"line":35,"column":23},"end":{"line":35,"column":68}}]},"2":{"loc":{"start":{"line":39,"column":6},"end":{"line":41,"column":null}},"type":"if","locations":[{"start":{"line":39,"column":6},"end":{"line":41,"column":null}}]}},"s":{"0":2,"1":7,"2":7,"3":7,"4":7,"5":7,"6":82,"7":81,"8":78,"9":77,"10":78,"11":78,"12":2},"f":{"0":7,"1":7,"2":82,"3":81,"4":78},"b":{"0":[1],"1":[82,80],"2":[77]}}
,"/Users/rajkumarpanda/Documents/secrets-sync-action/src/utils.ts": {"path":"/Users/rajkumarpanda/Documents/secrets-sync-action/src/utils.ts","statementMap":{"0":{"start":{"line":17,"column":0},"end":{"line":17,"column":38}},"1":{"start":{"line":20,"column":0},"end":{"line":20,"column":35}},"2":{"start":{"line":24,"column":23},"end":{"line":24,"column":49}},"3":{"start":{"line":25,"column":19},"end":{"line":25,"column":45}},"4":{"start":{"line":28,"column":25},"end":{"line":28,"column":53}},"5":{"start":{"line":31,"column":20},"end":{"line":31,"column":66}},"6":{"start":{"line":34,"column":2},"end":{"line":34,"column":28}},"7":{"start":{"line":36,"column":2},"end":{"line":36,"column":19}},"8":{"start":{"line":22,"column":0},"end":{"line":22,"column":16}}},"fnMap":{"0":{"name":"encrypt","decl":{"start":{"line":22,"column":16},"end":{"line":22,"column":23}},"loc":{"start":{"line":22,"column":50},"end":{"line":37,"column":1}}}},"branchMap":{},"s":{"0":3,"1":3,"2":12,"3":12,"4":12,"5":12,"6":12,"7":12,"8":3},"f":{"0":12},"b":{}}
}
