{"/Users/rajkumarpanda/Documents/action-semantic-demo/src/index.ts": {"path":"/Users/rajkumarpanda/Documents/action-semantic-demo/src/index.ts","statementMap":{"0":{"start":{"line":1,"column":0},"end":{"line":1,"column":37}},"1":{"start":{"line":2,"column":0},"end":{"line":2,"column":41}},"2":{"start":{"line":3,"column":0},"end":{"line":3,"column":43}},"3":{"start":{"line":4,"column":0},"end":{"line":4,"column":31}},"4":{"start":{"line":5,"column":0},"end":{"line":5,"column":null}},"5":{"start":{"line":11,"column":0},"end":{"line":11,"column":28}},"6":{"start":{"line":12,"column":0},"end":{"line":12,"column":48}},"7":{"start":{"line":13,"column":0},"end":{"line":13,"column":41}},"8":{"start":{"line":15,"column":20},"end":{"line":15,"column":26}},"9":{"start":{"line":18,"column":22},"end":{"line":18,"column":66}},"10":{"start":{"line":19,"column":28},"end":{"line":19,"column":53}},"11":{"start":{"line":21,"column":2},"end":{"line":23,"column":null}},"12":{"start":{"line":25,"column":2},"end":{"line":28,"column":null}},"13":{"start":{"line":26,"column":4},"end":{"line":26,"column":null}},"14":{"start":{"line":27,"column":4},"end":{"line":27,"column":10}},"15":{"start":{"line":30,"column":2},"end":{"line":36,"column":null}},"16":{"start":{"line":31,"column":4},"end":{"line":31,"column":null}},"17":{"start":{"line":32,"column":9},"end":{"line":36,"column":null}},"18":{"start":{"line":33,"column":4},"end":{"line":35,"column":null}},"19":{"start":{"line":38,"column":20},"end":{"line":38,"column":73}},"20":{"start":{"line":39,"column":41},"end":{"line":39,"column":43}},"21":{"start":{"line":40,"column":2},"end":{"line":41,"column":null}},"22":{"start":{"line":41,"column":4},"end":{"line":41,"column":null}},"23":{"start":{"line":42,"column":2},"end":{"line":42,"column":null}},"24":{"start":{"line":42,"column":42},"end":{"line":42,"column":null}},"25":{"start":{"line":43,"column":2},"end":{"line":43,"column":null}},"26":{"start":{"line":43,"column":25},"end":{"line":43,"column":null}},"27":{"start":{"line":45,"column":2},"end":{"line":45,"column":null}},"28":{"start":{"line":47,"column":2},"end":{"line":71,"column":null}},"29":{"start":{"line":48,"column":4},"end":{"line":48,"column":null}},"30":{"start":{"line":49,"column":4},"end":{"line":52,"column":null}},"31":{"start":{"line":53,"column":4},"end":{"line":53,"column":null}},"32":{"start":{"line":55,"column":4},"end":{"line":64,"column":null}},"33":{"start":{"line":56,"column":6},"end":{"line":56,"column":null}},"34":{"start":{"line":57,"column":6},"end":{"line":62,"column":null}},"35":{"start":{"line":63,"column":6},"end":{"line":63,"column":null}},"36":{"start":{"line":65,"column":4},"end":{"line":69,"column":null}},"37":{"start":{"line":70,"column":4},"end":{"line":70,"column":null}},"38":{"start":{"line":75,"column":2},"end":{"line":136,"column":null}},"39":{"start":{"line":76,"column":4},"end":{"line":76,"column":null}},"40":{"start":{"line":77,"column":19},"end":{"line":77,"column":30}},"41":{"start":{"line":78,"column":4},"end":{"line":78,"column":null}},"42":{"start":{"line":79,"column":27},"end":{"line":79,"column":52}},"43":{"start":{"line":82,"column":4},"end":{"line":85,"column":null}},"44":{"start":{"line":88,"column":4},"end":{"line":97,"column":null}},"45":{"start":{"line":89,"column":31},"end":{"line":89,"column":46}},"46":{"start":{"line":90,"column":6},"end":{"line":90,"column":null}},"47":{"start":{"line":91,"column":25},"end":{"line":93,"column":null}},"48":{"start":{"line":92,"column":19},"end":{"line":92,"column":null}},"49":{"start":{"line":92,"column":20},"end":{"line":92,"column":null}},"50":{"start":{"line":95,"column":6},"end":{"line":95,"column":null}},"51":{"start":{"line":96,"column":6},"end":{"line":96,"column":null}},"52":{"start":{"line":100,"column":4},"end":{"line":104,"column":null}},"53":{"start":{"line":101,"column":6},"end":{"line":101,"column":null}},"54":{"start":{"line":103,"column":6},"end":{"line":103,"column":null}},"55":{"start":{"line":107,"column":4},"end":{"line":110,"column":null}},"56":{"start":{"line":108,"column":6},"end":{"line":108,"column":null}},"57":{"start":{"line":109,"column":6},"end":{"line":109,"column":12}},"58":{"start":{"line":112,"column":4},"end":{"line":114,"column":null}},"59":{"start":{"line":116,"column":34},"end":{"line":123,"column":22}},"60":{"start":{"line":116,"column":59},"end":{"line":123,"column":7}},"61":{"start":{"line":117,"column":27},"end":{"line":117,"column":54}},"62":{"start":{"line":118,"column":36},"end":{"line":120,"column":null}},"63":{"start":{"line":122,"column":6},"end":{"line":122,"column":null}},"64":{"start":{"line":125,"column":4},"end":{"line":127,"column":null}},"65":{"start":{"line":128,"column":4},"end":{"line":128,"column":null}},"66":{"start":{"line":129,"column":4},"end":{"line":129,"column":null}},"67":{"start":{"line":131,"column":4},"end":{"line":135,"column":null}},"68":{"start":{"line":132,"column":6},"end":{"line":132,"column":null}},"69":{"start":{"line":133,"column":6},"end":{"line":133,"column":null}},"70":{"start":{"line":134,"column":6},"end":{"line":134,"column":null}},"71":{"start":{"line":139,"column":0},"end":{"line":139,"column":null}}},"fnMap":{"0":{"name":"validateSubscription","decl":{"start":{"line":17,"column":15},"end":{"line":17,"column":35}},"loc":{"start":{"line":17,"column":35},"end":{"line":72,"column":null}}},"1":{"name":"run","decl":{"start":{"line":74,"column":15},"end":{"line":74,"column":18}},"loc":{"start":{"line":74,"column":18},"end":{"line":137,"column":null}}},"2":{"name":"(anonymous_17)","decl":{"start":{"line":92,"column":8},"end":{"line":92,"column":17}},"loc":{"start":{"line":92,"column":19},"end":{"line":92,"column":null}}},"3":{"name":"(anonymous_18)","decl":{"start":{"line":92,"column":19},"end":{"line":92,"column":20}},"loc":{"start":{"line":92,"column":19},"end":{"line":92,"column":null}}},"4":{"name":"(anonymous_19)","decl":{"start":{"line":116,"column":48},"end":{"line":116,"column":57}},"loc":{"start":{"line":116,"column":59},"end":{"line":123,"column":7}}},"5":{"name":"(anonymous_20)","decl":{"start":{"line":116,"column":59},"end":{"line":116,"column":null}},"loc":{"start":{"line":116,"column":59},"end":{"line":123,"column":5}}}},"branchMap":{"0":{"loc":{"start":{"line":18,"column":22},"end":{"line":18,"column":66}},"type":"cond-expr","locations":[{"start":{"line":18,"column":57},"end":{"line":18,"column":59}},{"start":{"line":18,"column":57},"end":{"line":18,"column":66}}]},"1":{"loc":{"start":{"line":18,"column":22},"end":{"line":18,"column":59}},"type":"binary-expr","locations":[{"start":{"line":18,"column":22},"end":{"line":18,"column":59}},{"start":{"line":18,"column":57},"end":{"line":18,"column":59}}]},"2":{"loc":{"start":{"line":18,"column":22},"end":{"line":18,"column":57}},"type":"cond-expr","locations":[{"start":{"line":18,"column":45},"end":{"line":18,"column":47}},{"start":{"line":18,"column":45},"end":{"line":18,"column":57}}]},"3":{"loc":{"start":{"line":18,"column":22},"end":{"line":18,"column":47}},"type":"binary-expr","locations":[{"start":{"line":18,"column":22},"end":{"line":18,"column":47}},{"start":{"line":18,"column":45},"end":{"line":18,"column":47}}]},"4":{"loc":{"start":{"line":18,"column":22},"end":{"line":18,"column":45}},"type":"cond-expr","locations":[{"start":{"line":18,"column":36},"end":{"line":18,"column":38}},{"start":{"line":18,"column":36},"end":{"line":18,"column":45}}]},"5":{"loc":{"start":{"line":18,"column":22},"end":{"line":18,"column":38}},"type":"binary-expr","locations":[{"start":{"line":18,"column":22},"end":{"line":18,"column":38}},{"start":{"line":18,"column":36},"end":{"line":18,"column":38}}]},"6":{"loc":{"start":{"line":25,"column":2},"end":{"line":28,"column":null}},"type":"if","locations":[{"start":{"line":25,"column":2},"end":{"line":28,"column":null}}]},"7":{"loc":{"start":{"line":30,"column":2},"end":{"line":36,"column":null}},"type":"if","locations":[{"start":{"line":30,"column":2},"end":{"line":36,"column":null}},{"start":{"line":32,"column":9},"end":{"line":36,"column":null}}]},"8":{"loc":{"start":{"line":32,"column":9},"end":{"line":36,"column":null}},"type":"if","locations":[{"start":{"line":32,"column":9},"end":{"line":36,"column":null}}]},"9":{"loc":{"start":{"line":38,"column":20},"end":{"line":38,"column":73}},"type":"binary-expr","locations":[{"start":{"line":38,"column":20},"end":{"line":38,"column":49}},{"start":{"line":38,"column":53},"end":{"line":38,"column":73}}]},"10":{"loc":{"start":{"line":40,"column":2},"end":{"line":41,"column":null}},"type":"if","locations":[{"start":{"line":40,"column":2},"end":{"line":41,"column":null}}]},"11":{"loc":{"start":{"line":42,"column":2},"end":{"line":42,"column":null}},"type":"if","locations":[{"start":{"line":42,"column":2},"end":{"line":42,"column":null}}]},"12":{"loc":{"start":{"line":43,"column":2},"end":{"line":43,"column":null}},"type":"if","locations":[{"start":{"line":43,"column":2},"end":{"line":43,"column":null}}]},"13":{"loc":{"start":{"line":55,"column":4},"end":{"line":64,"column":null}},"type":"if","locations":[{"start":{"line":55,"column":4},"end":{"line":64,"column":null}}]},"14":{"loc":{"start":{"line":55,"column":8},"end":{"line":55,"column":61}},"type":"binary-expr","locations":[{"start":{"line":55,"column":8},"end":{"line":55,"column":27}},{"start":{"line":55,"column":31},"end":{"line":55,"column":61}}]},"15":{"loc":{"start":{"line":55,"column":31},"end":{"line":55,"column":53}},"type":"cond-expr","locations":[{"start":{"line":55,"column":45},"end":{"line":55,"column":47}},{"start":{"line":55,"column":45},"end":{"line":55,"column":53}}]},"16":{"loc":{"start":{"line":55,"column":31},"end":{"line":55,"column":47}},"type":"binary-expr","locations":[{"start":{"line":55,"column":31},"end":{"line":55,"column":47}},{"start":{"line":55,"column":45},"end":{"line":55,"column":47}}]},"17":{"loc":{"start":{"line":67,"column":8},"end":{"line":67,"column":null}},"type":"cond-expr","locations":[{"start":{"line":67,"column":33},"end":{"line":67,"column":46}},{"start":{"line":67,"column":49},"end":{"line":67,"column":null}}]},"18":{"loc":{"start":{"line":88,"column":4},"end":{"line":97,"column":null}},"type":"if","locations":[{"start":{"line":88,"column":4},"end":{"line":97,"column":null}}]},"19":{"loc":{"start":{"line":100,"column":4},"end":{"line":104,"column":null}},"type":"if","locations":[{"start":{"line":100,"column":4},"end":{"line":104,"column":null}},{"start":{"line":102,"column":11},"end":{"line":104,"column":null}}]},"20":{"loc":{"start":{"line":107,"column":4},"end":{"line":110,"column":null}},"type":"if","locations":[{"start":{"line":107,"column":4},"end":{"line":110,"column":null}}]},"21":{"loc":{"start":{"line":131,"column":4},"end":{"line":135,"column":null}},"type":"if","locations":[{"start":{"line":131,"column":4},"end":{"line":135,"column":null}}]},"22":{"loc":{"start":{"line":133,"column":6},"end":{"line":133,"column":44}},"type":"binary-expr","locations":[{"start":{"line":133,"column":6},"end":{"line":133,"column":17}},{"start":{"line":133,"column":21},"end":{"line":133,"column":44}}]}},"s":{"0":0,"1":0,"2":0,"3":0,"4":0,"5":0,"6":0,"7":0,"8":0,"9":0,"10":0,"11":0,"12":0,"13":0,"14":0,"15":0,"16":0,"17":0,"18":0,"19":0,"20":0,"21":0,"22":0,"23":0,"24":0,"25":0,"26":0,"27":0,"28":0,"29":0,"30":0,"31":0,"32":0,"33":0,"34":0,"35":0,"36":0,"37":0,"38":0,"39":0,"40":0,"41":0,"42":0,"43":0,"44":0,"45":0,"46":0,"47":0,"48":0,"49":0,"50":0,"51":0,"52":0,"53":0,"54":0,"55":0,"56":0,"57":0,"58":0,"59":0,"60":0,"61":0,"62":0,"63":0,"64":0,"65":0,"66":0,"67":0,"68":0,"69":0,"70":0,"71":0},"f":{"0":0,"1":0,"2":0,"3":0,"4":0,"5":0},"b":{"0":[0,0],"1":[0,0],"2":[0,0],"3":[0,0],"4":[0,0],"5":[0,0],"6":[0],"7":[0,0],"8":[0],"9":[0,0],"10":[0],"11":[0],"12":[0],"13":[0],"14":[0,0],"15":[0,0],"16":[0,0],"17":[0,0],"18":[0],"19":[0,0],"20":[0],"21":[0],"22":[0,0]}}
,"/Users/rajkumarpanda/Documents/action-semantic-demo/src/action/action.types.ts": {"path":"/Users/rajkumarpanda/Documents/action-semantic-demo/src/action/action.types.ts","statementMap":{"0":{"start":{"line":73,"column":0},"end":{"line":73,"column":null}},"1":{"start":{"line":74,"column":2},"end":{"line":74,"column":null}},"2":{"start":{"line":75,"column":2},"end":{"line":75,"column":null}},"3":{"start":{"line":78,"column":0},"end":{"line":78,"column":null}},"4":{"start":{"line":79,"column":2},"end":{"line":79,"column":null}},"5":{"start":{"line":80,"column":2},"end":{"line":80,"column":null}},"6":{"start":{"line":86,"column":0},"end":{"line":86,"column":null}},"7":{"start":{"line":87,"column":2},"end":{"line":87,"column":null}},"8":{"start":{"line":88,"column":2},"end":{"line":88,"column":null}},"9":{"start":{"line":89,"column":2},"end":{"line":89,"column":null}}},"fnMap":{"0":{"name":"(anonymous_0)","decl":{"start":{"line":73,"column":0},"end":{"line":73,"column":12}},"loc":{"start":{"line":73,"column":26},"end":{"line":76,"column":1}}},"1":{"name":"(anonymous_1)","decl":{"start":{"line":78,"column":0},"end":{"line":78,"column":12}},"loc":{"start":{"line":78,"column":25},"end":{"line":81,"column":1}}},"2":{"name":"(anonymous_2)","decl":{"start":{"line":86,"column":0},"end":{"line":86,"column":12}},"loc":{"start":{"line":86,"column":30},"end":{"line":90,"column":1}}}},"branchMap":{"0":{"loc":{"start":{"line":73,"column":12},"end":{"line":73,"column":null}},"type":"binary-expr","locations":[{"start":{"line":73,"column":12},"end":{"line":73,"column":26}},{"start":{"line":73,"column":26},"end":{"line":73,"column":null}}]},"1":{"loc":{"start":{"line":78,"column":12},"end":{"line":78,"column":null}},"type":"binary-expr","locations":[{"start":{"line":78,"column":12},"end":{"line":78,"column":25}},{"start":{"line":78,"column":25},"end":{"line":78,"column":null}}]},"2":{"loc":{"start":{"line":86,"column":12},"end":{"line":86,"column":null}},"type":"binary-expr","locations":[{"start":{"line":86,"column":12},"end":{"line":86,"column":30}},{"start":{"line":86,"column":30},"end":{"line":86,"column":null}}]}},"s":{"0":2,"1":2,"2":2,"3":2,"4":2,"5":2,"6":2,"7":2,"8":2,"9":2},"f":{"0":2,"1":2,"2":2},"b":{"0":[2,2],"1":[2,2],"2":[2,2]}}
,"/Users/rajkumarpanda/Documents/action-semantic-demo/src/action/index.ts": {"path":"/Users/rajkumarpanda/Documents/action-semantic-demo/src/action/index.ts","statementMap":{"0":{"start":{"line":1,"column":0},"end":{"line":1,"column":37}},"1":{"start":{"line":2,"column":0},"end":{"line":2,"column":null}},"2":{"start":{"line":11,"column":14},"end":{"line":11,"column":31}},"3":{"start":{"line":12,"column":2},"end":{"line":12,"column":null}},"4":{"start":{"line":18,"column":2},"end":{"line":20,"column":null}},"5":{"start":{"line":19,"column":4},"end":{"line":19,"column":null}},"6":{"start":{"line":21,"column":14},"end":{"line":21,"column":33}},"7":{"start":{"line":22,"column":2},"end":{"line":22,"column":null}},"8":{"start":{"line":28,"column":25},"end":{"line":28,"column":57}},"9":{"start":{"line":29,"column":2},"end":{"line":31,"column":null}},"10":{"start":{"line":30,"column":4},"end":{"line":30,"column":null}},"11":{"start":{"line":33,"column":2},"end":{"line":54,"column":null}},"12":{"start":{"line":34,"column":33},"end":{"line":34,"column":59}},"13":{"start":{"line":36,"column":4},"end":{"line":38,"column":null}},"14":{"start":{"line":37,"column":6},"end":{"line":37,"column":null}},"15":{"start":{"line":40,"column":4},"end":{"line":49,"column":null}},"16":{"start":{"line":41,"column":6},"end":{"line":48,"column":null}},"17":{"start":{"line":42,"column":8},"end":{"line":47,"column":null}},"18":{"start":{"line":50,"column":4},"end":{"line":50,"column":null}},"19":{"start":{"line":52,"column":4},"end":{"line":52,"column":null}},"20":{"start":{"line":53,"column":4},"end":{"line":53,"column":null}},"21":{"start":{"line":58,"column":25},"end":{"line":58,"column":75}},"22":{"start":{"line":59,"column":2},"end":{"line":73,"column":null}},"23":{"start":{"line":60,"column":4},"end":{"line":69,"column":null}},"24":{"start":{"line":63,"column":6},"end":{"line":63,"column":null}},"25":{"start":{"line":65,"column":6},"end":{"line":68,"column":null}},"26":{"start":{"line":71,"column":4},"end":{"line":71,"column":null}},"27":{"start":{"line":72,"column":4},"end":{"line":72,"column":null}},"28":{"start":{"line":77,"column":14},"end":{"line":77,"column":34}},"29":{"start":{"line":78,"column":2},"end":{"line":93,"column":null}},"30":{"start":{"line":79,"column":4},"end":{"line":84,"column":null}},"31":{"start":{"line":80,"column":6},"end":{"line":83,"column":null}},"32":{"start":{"line":85,"column":4},"end":{"line":89,"column":null}},"33":{"start":{"line":86,"column":6},"end":{"line":88,"column":null}},"34":{"start":{"line":91,"column":4},"end":{"line":91,"column":null}},"35":{"start":{"line":92,"column":4},"end":{"line":92,"column":null}},"36":{"start":{"line":95,"column":2},"end":{"line":95,"column":null}},"37":{"start":{"line":99,"column":20},"end":{"line":99,"column":47}},"38":{"start":{"line":100,"column":2},"end":{"line":112,"column":null}},"39":{"start":{"line":101,"column":4},"end":{"line":104,"column":null}},"40":{"start":{"line":102,"column":6},"end":{"line":103,"column":null}},"41":{"start":{"line":105,"column":4},"end":{"line":108,"column":null}},"42":{"start":{"line":106,"column":6},"end":{"line":107,"column":null}},"43":{"start":{"line":110,"column":4},"end":{"line":110,"column":null}},"44":{"start":{"line":111,"column":4},"end":{"line":111,"column":null}},"45":{"start":{"line":114,"column":2},"end":{"line":114,"column":null}},"46":{"start":{"line":120,"column":19},"end":{"line":120,"column":44}},"47":{"start":{"line":122,"column":2},"end":{"line":137,"column":null}},"48":{"start":{"line":123,"column":4},"end":{"line":126,"column":null}},"49":{"start":{"line":124,"column":6},"end":{"line":125,"column":null}},"50":{"start":{"line":127,"column":4},"end":{"line":130,"column":null}},"51":{"start":{"line":128,"column":6},"end":{"line":129,"column":null}},"52":{"start":{"line":132,"column":4},"end":{"line":132,"column":null}},"53":{"start":{"line":133,"column":4},"end":{"line":135,"column":null}},"54":{"start":{"line":134,"column":6},"end":{"line":134,"column":null}},"55":{"start":{"line":136,"column":4},"end":{"line":136,"column":null}},"56":{"start":{"line":139,"column":2},"end":{"line":141,"column":null}},"57":{"start":{"line":140,"column":4},"end":{"line":140,"column":null}},"58":{"start":{"line":142,"column":2},"end":{"line":142,"column":null}},"59":{"start":{"line":146,"column":25},"end":{"line":146,"column":44}},"60":{"start":{"line":148,"column":2},"end":{"line":167,"column":null}},"61":{"start":{"line":145,"column":0},"end":{"line":145,"column":16}},"62":{"start":{"line":171,"column":2},"end":{"line":175,"column":null}},"63":{"start":{"line":170,"column":0},"end":{"line":170,"column":16}},"64":{"start":{"line":178,"column":0},"end":{"line":178,"column":30}}},"fnMap":{"0":{"name":"getNumberFromValue","decl":{"start":{"line":10,"column":9},"end":{"line":10,"column":27}},"loc":{"start":{"line":10,"column":41},"end":{"line":13,"column":1}}},"1":{"name":"getWorkflowIdFromValue","decl":{"start":{"line":15,"column":9},"end":{"line":15,"column":31}},"loc":{"start":{"line":15,"column":45},"end":{"line":23,"column":1}}},"2":{"name":"getWorkflowInputs","decl":{"start":{"line":25,"column":9},"end":{"line":25,"column":26}},"loc":{"start":{"line":26,"column":32},"end":{"line":55,"column":1}}},"3":{"name":"getDispatchMethod","decl":{"start":{"line":57,"column":9},"end":{"line":57,"column":26}},"loc":{"start":{"line":57,"column":26},"end":{"line":74,"column":1}}},"4":{"name":"getRef","decl":{"start":{"line":76,"column":9},"end":{"line":76,"column":15}},"loc":{"start":{"line":76,"column":46},"end":{"line":96,"column":1}}},"5":{"name":"getEventType","decl":{"start":{"line":98,"column":9},"end":{"line":98,"column":21}},"loc":{"start":{"line":98,"column":52},"end":{"line":115,"column":1}}},"6":{"name":"getWorkflow","decl":{"start":{"line":117,"column":9},"end":{"line":117,"column":20}},"loc":{"start":{"line":118,"column":32},"end":{"line":143,"column":1}}},"7":{"name":"getConfig","decl":{"start":{"line":145,"column":16},"end":{"line":145,"column":25}},"loc":{"start":{"line":145,"column":25},"end":{"line":168,"column":1}}},"8":{"name":"getBackoffOptions","decl":{"start":{"line":170,"column":16},"end":{"line":170,"column":33}},"loc":{"start":{"line":170,"column":54},"end":{"line":176,"column":1}}}},"branchMap":{"0":{"loc":{"start":{"line":12,"column":9},"end":{"line":12,"column":37}},"type":"cond-expr","locations":[{"start":{"line":12,"column":22},"end":{"line":12,"column":31}},{"start":{"line":12,"column":34},"end":{"line":12,"column":37}}]},"1":{"loc":{"start":{"line":18,"column":2},"end":{"line":20,"column":null}},"type":"if","locations":[{"start":{"line":18,"column":2},"end":{"line":20,"column":null}}]},"2":{"loc":{"start":{"line":22,"column":9},"end":{"line":22,"column":37}},"type":"cond-expr","locations":[{"start":{"line":22,"column":22},"end":{"line":22,"column":31}},{"start":{"line":22,"column":34},"end":{"line":22,"column":37}}]},"3":{"loc":{"start":{"line":29,"column":2},"end":{"line":31,"column":null}},"type":"if","locations":[{"start":{"line":29,"column":2},"end":{"line":31,"column":null}}]},"4":{"loc":{"start":{"line":36,"column":4},"end":{"line":38,"column":null}},"type":"if","locations":[{"start":{"line":36,"column":4},"end":{"line":38,"column":null}}]},"5":{"loc":{"start":{"line":41,"column":6},"end":{"line":48,"column":null}},"type":"if","locations":[{"start":{"line":41,"column":6},"end":{"line":48,"column":null}}]},"6":{"loc":{"start":{"line":60,"column":4},"end":{"line":69,"column":null}},"type":"if","locations":[{"start":{"line":60,"column":4},"end":{"line":69,"column":null}},{"start":{"line":64,"column":11},"end":{"line":69,"column":null}}]},"7":{"loc":{"start":{"line":79,"column":4},"end":{"line":84,"column":null}},"type":"if","locations":[{"start":{"line":79,"column":4},"end":{"line":84,"column":null}}]},"8":{"loc":{"start":{"line":79,"column":8},"end":{"line":79,"column":69}},"type":"binary-expr","locations":[{"start":{"line":79,"column":8},"end":{"line":79,"column":60}},{"start":{"line":79,"column":64},"end":{"line":79,"column":69}}]},"9":{"loc":{"start":{"line":85,"column":4},"end":{"line":89,"column":null}},"type":"if","locations":[{"start":{"line":85,"column":4},"end":{"line":89,"column":null}}]},"10":{"loc":{"start":{"line":85,"column":8},"end":{"line":85,"column":66}},"type":"binary-expr","locations":[{"start":{"line":85,"column":8},"end":{"line":85,"column":58}},{"start":{"line":85,"column":62},"end":{"line":85,"column":66}}]},"11":{"loc":{"start":{"line":95,"column":9},"end":{"line":95,"column":25}},"type":"binary-expr","locations":[{"start":{"line":95,"column":9},"end":{"line":95,"column":12}},{"start":{"line":95,"column":16},"end":{"line":95,"column":25}}]},"12":{"loc":{"start":{"line":101,"column":4},"end":{"line":104,"column":null}},"type":"if","locations":[{"start":{"line":101,"column":4},"end":{"line":104,"column":null}}]},"13":{"loc":{"start":{"line":101,"column":8},"end":{"line":101,"column":74}},"type":"binary-expr","locations":[{"start":{"line":101,"column":8},"end":{"line":101,"column":60}},{"start":{"line":101,"column":64},"end":{"line":101,"column":74}}]},"14":{"loc":{"start":{"line":105,"column":4},"end":{"line":108,"column":null}},"type":"if","locations":[{"start":{"line":105,"column":4},"end":{"line":108,"column":null}}]},"15":{"loc":{"start":{"line":105,"column":8},"end":{"line":105,"column":73}},"type":"binary-expr","locations":[{"start":{"line":105,"column":8},"end":{"line":105,"column":58}},{"start":{"line":105,"column":62},"end":{"line":105,"column":73}}]},"16":{"loc":{"start":{"line":114,"column":9},"end":{"line":114,"column":31}},"type":"binary-expr","locations":[{"start":{"line":114,"column":9},"end":{"line":114,"column":18}},{"start":{"line":114,"column":22},"end":{"line":114,"column":31}}]},"17":{"loc":{"start":{"line":123,"column":4},"end":{"line":126,"column":null}},"type":"if","locations":[{"start":{"line":123,"column":4},"end":{"line":126,"column":null}}]},"18":{"loc":{"start":{"line":123,"column":8},"end":{"line":123,"column":71}},"type":"binary-expr","locations":[{"start":{"line":123,"column":8},"end":{"line":123,"column":58}},{"start":{"line":123,"column":62},"end":{"line":123,"column":71}}]},"19":{"loc":{"start":{"line":127,"column":4},"end":{"line":130,"column":null}},"type":"if","locations":[{"start":{"line":127,"column":4},"end":{"line":130,"column":null}}]},"20":{"loc":{"start":{"line":127,"column":8},"end":{"line":127,"column":74}},"type":"binary-expr","locations":[{"start":{"line":127,"column":8},"end":{"line":127,"column":60}},{"start":{"line":127,"column":64},"end":{"line":127,"column":74}}]},"21":{"loc":{"start":{"line":133,"column":4},"end":{"line":135,"column":null}},"type":"if","locations":[{"start":{"line":133,"column":4},"end":{"line":135,"column":null}}]},"22":{"loc":{"start":{"line":134,"column":6},"end":{"line":134,"column":44}},"type":"binary-expr","locations":[{"start":{"line":134,"column":6},"end":{"line":134,"column":17}},{"start":{"line":134,"column":21},"end":{"line":134,"column":44}}]},"23":{"loc":{"start":{"line":139,"column":2},"end":{"line":141,"column":null}},"type":"if","locations":[{"start":{"line":139,"column":2},"end":{"line":141,"column":null}}]},"24":{"loc":{"start":{"line":140,"column":11},"end":{"line":140,"column":55}},"type":"binary-expr","locations":[{"start":{"line":140,"column":11},"end":{"line":140,"column":43}},{"start":{"line":140,"column":47},"end":{"line":140,"column":55}}]},"25":{"loc":{"start":{"line":159,"column":6},"end":{"line":160,"column":38}},"type":"binary-expr","locations":[{"start":{"line":159,"column":6},"end":{"line":159,"column":60}},{"start":{"line":160,"column":6},"end":{"line":160,"column":38}}]},"26":{"loc":{"start":{"line":162,"column":6},"end":{"line":163,"column":36}},"type":"binary-expr","locations":[{"start":{"line":162,"column":6},"end":{"line":162,"column":55}},{"start":{"line":163,"column":6},"end":{"line":163,"column":36}}]},"27":{"loc":{"start":{"line":165,"column":6},"end":{"line":166,"column":37}},"type":"binary-expr","locations":[{"start":{"line":165,"column":6},"end":{"line":165,"column":56}},{"start":{"line":166,"column":6},"end":{"line":166,"column":37}}]}},"s":{"0":2,"1":2,"2":24,"3":24,"4":11,"5":10,"6":1,"7":1,"8":11,"9":11,"10":1,"11":10,"12":10,"13":9,"14":1,"15":8,"16":8,"17":2,"18":6,"19":3,"20":3,"21":18,"22":18,"23":18,"24":17,"25":1,"26":1,"27":1,"28":17,"29":17,"30":17,"31":1,"32":16,"33":1,"34":2,"35":2,"36":15,"37":13,"38":13,"39":13,"40":1,"41":12,"42":1,"43":2,"44":2,"45":11,"46":15,"47":15,"48":15,"49":1,"50":14,"51":1,"52":2,"53":2,"54":2,"55":2,"56":13,"57":11,"58":2,"59":18,"60":17,"61":2,"62":1,"63":2,"64":2},"f":{"0":24,"1":11,"2":11,"3":18,"4":17,"5":13,"6":15,"7":18,"8":1},"b":{"0":[3,21],"1":[10],"2":[0,1],"3":[1],"4":[1],"5":[2],"6":[17,1],"7":[1],"8":[17,4],"9":[1],"10":[16,13],"11":[15,3],"12":[1],"13":[13,2],"14":[1],"15":[12,11],"16":[11,10],"17":[1],"18":[15,12],"19":[1],"20":[14,3],"21":[2],"22":[2,2],"23":[11],"24":[11,10],"25":[8,1],"26":[8,1],"27":[8,1]}}
,"/Users/rajkumarpanda/Documents/action-semantic-demo/src/api/index.ts": {"path":"/Users/rajkumarpanda/Documents/action-semantic-demo/src/api/index.ts","statementMap":{"0":{"start":{"line":1,"column":0},"end":{"line":1,"column":37}},"1":{"start":{"line":2,"column":0},"end":{"line":2,"column":41}},"2":{"start":{"line":3,"column":0},"end":{"line":3,"column":65}},"3":{"start":{"line":4,"column":0},"end":{"line":4,"column":45}},"4":{"start":{"line":12,"column":2},"end":{"line":12,"column":null}},"5":{"start":{"line":13,"column":2},"end":{"line":13,"column":null}},"6":{"start":{"line":11,"column":0},"end":{"line":11,"column":16}},"7":{"start":{"line":17,"column":14},"end":{"line":19,"column":null}},"8":{"start":{"line":21,"column":2},"end":{"line":25,"column":null}},"9":{"start":{"line":22,"column":4},"end":{"line":24,"column":null}},"10":{"start":{"line":26,"column":2},"end":{"line":28,"column":null}},"11":{"start":{"line":27,"column":4},"end":{"line":27,"column":null}},"12":{"start":{"line":38,"column":20},"end":{"line":44,"column":4}},"13":{"start":{"line":46,"column":2},"end":{"line":50,"column":null}},"14":{"start":{"line":47,"column":4},"end":{"line":49,"column":null}},"15":{"start":{"line":52,"column":2},"end":{"line":57,"column":null}},"16":{"start":{"line":16,"column":0},"end":{"line":16,"column":22}},"17":{"start":{"line":61,"column":21},"end":{"line":63,"column":null}},"18":{"start":{"line":65,"column":2},"end":{"line":69,"column":null}},"19":{"start":{"line":66,"column":4},"end":{"line":68,"column":null}},"20":{"start":{"line":71,"column":19},"end":{"line":76,"column":4}},"21":{"start":{"line":78,"column":2},"end":{"line":82,"column":null}},"22":{"start":{"line":79,"column":4},"end":{"line":81,"column":null}},"23":{"start":{"line":84,"column":2},"end":{"line":88,"column":null}},"24":{"start":{"line":60,"column":0},"end":{"line":60,"column":22}},"25":{"start":{"line":93,"column":19},"end":{"line":96,"column":4}},"26":{"start":{"line":98,"column":2},"end":{"line":102,"column":null}},"27":{"start":{"line":99,"column":4},"end":{"line":101,"column":null}},"28":{"start":{"line":104,"column":19},"end":{"line":105,"column":null}},"29":{"start":{"line":105,"column":4},"end":{"line":105,"column":44}},"30":{"start":{"line":108,"column":2},"end":{"line":112,"column":null}},"31":{"start":{"line":109,"column":4},"end":{"line":111,"column":null}},"32":{"start":{"line":114,"column":2},"end":{"line":114,"column":null}},"33":{"start":{"line":91,"column":0},"end":{"line":91,"column":22}},"34":{"start":{"line":122,"column":2},"end":{"line":155,"column":null}},"35":{"start":{"line":123,"column":4},"end":{"line":123,"column":null}},"36":{"start":{"line":125,"column":4},"end":{"line":127,"column":null}},"37":{"start":{"line":126,"column":6},"end":{"line":126,"column":null}},"38":{"start":{"line":129,"column":4},"end":{"line":141,"column":null}},"39":{"start":{"line":142,"column":4},"end":{"line":142,"column":null}},"40":{"start":{"line":145,"column":23},"end":{"line":145,"column":47}},"41":{"start":{"line":147,"column":4},"end":{"line":153,"column":null}},"42":{"start":{"line":154,"column":4},"end":{"line":154,"column":null}},"43":{"start":{"line":157,"column":2},"end":{"line":161,"column":null}},"44":{"start":{"line":158,"column":4},"end":{"line":160,"column":null}},"45":{"start":{"line":163,"column":38},"end":{"line":168,"column":null}},"46":{"start":{"line":164,"column":20},"end":{"line":168,"column":6}},"47":{"start":{"line":171,"column":2},"end":{"line":175,"column":null}},"48":{"start":{"line":175,"column":49},"end":{"line":175,"column":63}},"49":{"start":{"line":177,"column":2},"end":{"line":177,"column":null}},"50":{"start":{"line":117,"column":0},"end":{"line":117,"column":22}},"51":{"start":{"line":181,"column":19},"end":{"line":184,"column":4}},"52":{"start":{"line":186,"column":2},"end":{"line":190,"column":null}},"53":{"start":{"line":187,"column":4},"end":{"line":189,"column":null}},"54":{"start":{"line":192,"column":2},"end":{"line":195,"column":null}},"55":{"start":{"line":197,"column":2},"end":{"line":197,"column":null}},"56":{"start":{"line":180,"column":0},"end":{"line":180,"column":22}},"57":{"start":{"line":200,"column":0},"end":{"line":200,"column":27}}},"fnMap":{"0":{"name":"init","decl":{"start":{"line":11,"column":16},"end":{"line":11,"column":20}},"loc":{"start":{"line":11,"column":39},"end":{"line":14,"column":1}}},"1":{"name":"workflowDispatch","decl":{"start":{"line":16,"column":22},"end":{"line":16,"column":38}},"loc":{"start":{"line":16,"column":57},"end":{"line":58,"column":null}}},"2":{"name":"repositoryDispatch","decl":{"start":{"line":60,"column":22},"end":{"line":60,"column":40}},"loc":{"start":{"line":60,"column":59},"end":{"line":89,"column":null}}},"3":{"name":"getWorkflowId","decl":{"start":{"line":91,"column":22},"end":{"line":91,"column":35}},"loc":{"start":{"line":91,"column":60},"end":{"line":115,"column":null}}},"4":{"name":"(anonymous_21)","decl":{"start":{"line":104,"column":48},"end":{"line":104,"column":56}},"loc":{"start":{"line":105,"column":4},"end":{"line":105,"column":44}}},"5":{"name":"getWorkflowRuns","decl":{"start":{"line":117,"column":22},"end":{"line":117,"column":37}},"loc":{"start":{"line":117,"column":37},"end":{"line":178,"column":null}}},"6":{"name":"(anonymous_24)","decl":{"start":{"line":164,"column":4},"end":{"line":164,"column":15}},"loc":{"start":{"line":164,"column":20},"end":{"line":168,"column":6}}},"7":{"name":"(anonymous_25)","decl":{"start":{"line":175,"column":34},"end":{"line":175,"column":45}},"loc":{"start":{"line":175,"column":49},"end":{"line":175,"column":63}}},"8":{"name":"getDefaultBranch","decl":{"start":{"line":180,"column":22},"end":{"line":180,"column":38}},"loc":{"start":{"line":180,"column":38},"end":{"line":198,"column":null}}}},"branchMap":{"0":{"loc":{"start":{"line":12,"column":11},"end":{"line":12,"column":29}},"type":"binary-expr","locations":[{"start":{"line":12,"column":11},"end":{"line":12,"column":14}},{"start":{"line":12,"column":18},"end":{"line":12,"column":29}}]},"1":{"loc":{"start":{"line":19,"column":8},"end":{"line":19,"column":63}},"type":"cond-expr","locations":[{"start":{"line":19,"column":26},"end":{"line":19,"column":51}},{"start":{"line":19,"column":54},"end":{"line":19,"column":63}}]},"2":{"loc":{"start":{"line":21,"column":2},"end":{"line":25,"column":null}},"type":"if","locations":[{"start":{"line":21,"column":2},"end":{"line":25,"column":null}}]},"3":{"loc":{"start":{"line":26,"column":2},"end":{"line":28,"column":null}},"type":"if","locations":[{"start":{"line":26,"column":2},"end":{"line":28,"column":null}}]},"4":{"loc":{"start":{"line":46,"column":2},"end":{"line":50,"column":null}},"type":"if","locations":[{"start":{"line":46,"column":2},"end":{"line":50,"column":null}}]},"5":{"loc":{"start":{"line":46,"column":6},"end":{"line":46,"column":56}},"type":"binary-expr","locations":[{"start":{"line":46,"column":6},"end":{"line":46,"column":29}},{"start":{"line":46,"column":33},"end":{"line":46,"column":56}}]},"6":{"loc":{"start":{"line":63,"column":8},"end":{"line":63,"column":63}},"type":"cond-expr","locations":[{"start":{"line":63,"column":26},"end":{"line":63,"column":51}},{"start":{"line":63,"column":54},"end":{"line":63,"column":63}}]},"7":{"loc":{"start":{"line":65,"column":2},"end":{"line":69,"column":null}},"type":"if","locations":[{"start":{"line":65,"column":2},"end":{"line":69,"column":null}}]},"8":{"loc":{"start":{"line":78,"column":2},"end":{"line":82,"column":null}},"type":"if","locations":[{"start":{"line":78,"column":2},"end":{"line":82,"column":null}}]},"9":{"loc":{"start":{"line":98,"column":2},"end":{"line":102,"column":null}},"type":"if","locations":[{"start":{"line":98,"column":2},"end":{"line":102,"column":null}}]},"10":{"loc":{"start":{"line":108,"column":2},"end":{"line":112,"column":null}},"type":"if","locations":[{"start":{"line":108,"column":2},"end":{"line":112,"column":null}}]},"11":{"loc":{"start":{"line":122,"column":2},"end":{"line":155,"column":null}},"type":"if","locations":[{"start":{"line":122,"column":2},"end":{"line":155,"column":null}},{"start":{"line":143,"column":9},"end":{"line":155,"column":null}}]},"12":{"loc":{"start":{"line":125,"column":4},"end":{"line":127,"column":null}},"type":"if","locations":[{"start":{"line":125,"column":4},"end":{"line":127,"column":null}}]},"13":{"loc":{"start":{"line":133,"column":10},"end":{"line":140,"column":12}},"type":"cond-expr","locations":[{"start":{"line":134,"column":10},"end":{"line":137,"column":null}},{"start":{"line":138,"column":10},"end":{"line":140,"column":12}}]},"14":{"loc":{"start":{"line":157,"column":2},"end":{"line":161,"column":null}},"type":"if","locations":[{"start":{"line":157,"column":2},"end":{"line":161,"column":null}}]},"15":{"loc":{"start":{"line":166,"column":12},"end":{"line":166,"column":34}},"type":"binary-expr","locations":[{"start":{"line":166,"column":12},"end":{"line":166,"column":28}},{"start":{"line":166,"column":32},"end":{"line":166,"column":34}}]},"16":{"loc":{"start":{"line":174,"column":10},"end":{"line":174,"column":35}},"type":"binary-expr","locations":[{"start":{"line":174,"column":10},"end":{"line":174,"column":20}},{"start":{"line":174,"column":24},"end":{"line":174,"column":35}}]},"17":{"loc":{"start":{"line":186,"column":2},"end":{"line":190,"column":null}},"type":"if","locations":[{"start":{"line":186,"column":2},"end":{"line":190,"column":null}}]}},"s":{"0":1,"1":1,"2":1,"3":1,"4":45,"5":45,"6":1,"7":7,"8":7,"9":1,"10":6,"11":1,"12":5,"13":5,"14":1,"15":4,"16":1,"17":5,"18":5,"19":1,"20":4,"21":4,"22":1,"23":3,"24":1,"25":3,"26":3,"27":1,"28":2,"29":3,"30":2,"31":1,"32":1,"33":1,"34":5,"35":4,"36":4,"37":1,"38":3,"39":3,"40":1,"41":1,"42":1,"43":4,"44":1,"45":3,"46":6,"47":3,"48":6,"49":3,"50":1,"51":3,"52":3,"53":1,"54":2,"55":2,"56":1,"57":1},"f":{"0":45,"1":7,"2":5,"3":3,"4":3,"5":5,"6":6,"7":6,"8":3},"b":{"0":[45,0],"1":[6,1],"2":[1],"3":[1],"4":[1],"5":[5,2],"6":[4,1],"7":[1],"8":[1],"9":[1],"10":[1],"11":[4,1],"12":[1],"13":[2,1],"14":[1],"15":[6,3],"16":[3,2],"17":[1]}}
,"/Users/rajkumarpanda/Documents/action-semantic-demo/src/utils/index.ts": {"path":"/Users/rajkumarpanda/Documents/action-semantic-demo/src/utils/index.ts","statementMap":{"0":{"start":{"line":1,"column":0},"end":{"line":1,"column":37}},"1":{"start":{"line":5,"column":19},"end":{"line":5,"column":48}},"2":{"start":{"line":6,"column":2},"end":{"line":8,"column":null}},"3":{"start":{"line":7,"column":4},"end":{"line":7,"column":null}},"4":{"start":{"line":12,"column":2},"end":{"line":12,"column":null}},"5":{"start":{"line":16,"column":2},"end":{"line":18,"column":null}},"6":{"start":{"line":17,"column":4},"end":{"line":17,"column":null}},"7":{"start":{"line":20,"column":2},"end":{"line":23,"column":null}},"8":{"start":{"line":21,"column":4},"end":{"line":21,"column":null}},"9":{"start":{"line":22,"column":4},"end":{"line":22,"column":null}},"10":{"start":{"line":39,"column":2},"end":{"line":39,"column":null}},"11":{"start":{"line":15,"column":0},"end":{"line":15,"column":16}},"12":{"start":{"line":46,"column":29},"end":{"line":47,"column":null}},"13":{"start":{"line":47,"column":4},"end":{"line":47,"column":41}},"14":{"start":{"line":49,"column":2},"end":{"line":51,"column":null}},"15":{"start":{"line":50,"column":4},"end":{"line":50,"column":null}},"16":{"start":{"line":52,"column":2},"end":{"line":54,"column":null}},"17":{"start":{"line":42,"column":0},"end":{"line":42,"column":16}}},"fnMap":{"0":{"name":"getBranchNameFromHeadRef","decl":{"start":{"line":4,"column":9},"end":{"line":4,"column":33}},"loc":{"start":{"line":4,"column":45},"end":{"line":9,"column":1}}},"1":{"name":"isTagRef","decl":{"start":{"line":11,"column":9},"end":{"line":11,"column":17}},"loc":{"start":{"line":11,"column":29},"end":{"line":13,"column":1}}},"2":{"name":"getBranchNameFromRef","decl":{"start":{"line":15,"column":16},"end":{"line":15,"column":36}},"loc":{"start":{"line":15,"column":49},"end":{"line":40,"column":1}}},"3":{"name":"getDispatchedWorkflowRun","decl":{"start":{"line":42,"column":16},"end":{"line":42,"column":40}},"loc":{"start":{"line":44,"column":20},"end":{"line":55,"column":1}}},"4":{"name":"(anonymous_10)","decl":{"start":{"line":46,"column":47},"end":{"line":46,"column":58}},"loc":{"start":{"line":47,"column":4},"end":{"line":47,"column":41}}}},"branchMap":{"0":{"loc":{"start":{"line":6,"column":2},"end":{"line":8,"column":null}},"type":"if","locations":[{"start":{"line":6,"column":2},"end":{"line":8,"column":null}}]},"1":{"loc":{"start":{"line":6,"column":6},"end":{"line":6,"column":51}},"type":"binary-expr","locations":[{"start":{"line":6,"column":6},"end":{"line":6,"column":25}},{"start":{"line":6,"column":29},"end":{"line":6,"column":51}}]},"2":{"loc":{"start":{"line":16,"column":2},"end":{"line":18,"column":null}},"type":"if","locations":[{"start":{"line":16,"column":2},"end":{"line":18,"column":null}}]},"3":{"loc":{"start":{"line":20,"column":2},"end":{"line":23,"column":null}},"type":"if","locations":[{"start":{"line":20,"column":2},"end":{"line":23,"column":null}}]},"4":{"loc":{"start":{"line":39,"column":9},"end":{"line":39,"column":45}},"type":"binary-expr","locations":[{"start":{"line":39,"column":9},"end":{"line":39,"column":38}},{"start":{"line":39,"column":42},"end":{"line":39,"column":45}}]},"5":{"loc":{"start":{"line":49,"column":2},"end":{"line":51,"column":null}},"type":"if","locations":[{"start":{"line":49,"column":2},"end":{"line":51,"column":null}}]}},"s":{"0":2,"1":6,"2":6,"3":4,"4":9,"5":10,"6":1,"7":9,"8":3,"9":3,"10":6,"11":2,"12":3,"13":2,"14":3,"15":1,"16":2,"17":2},"f":{"0":6,"1":9,"2":10,"3":3,"4":2},"b":{"0":[4],"1":[6,5],"2":[1],"3":[3],"4":[6,2],"5":[1]}}
}
