TN:
SF:src/index.ts
FN:17,validateSubscription
FN:74,run
FN:92,(anonymous_17)
FN:92,(anonymous_18)
FN:116,(anonymous_19)
FN:116,(anonymous_20)
FNF:6
FNH:0
FNDA:0,validateSubscription
FNDA:0,run
FNDA:0,(anonymous_17)
FNDA:0,(anonymous_18)
FNDA:0,(anonymous_19)
FNDA:0,(anonymous_20)
DA:1,0
DA:2,0
DA:3,0
DA:4,0
DA:5,0
DA:11,0
DA:12,0
DA:13,0
DA:15,0
DA:18,0
DA:19,0
DA:21,0
DA:25,0
DA:26,0
DA:27,0
DA:30,0
DA:31,0
DA:32,0
DA:33,0
DA:38,0
DA:39,0
DA:40,0
DA:41,0
DA:42,0
DA:43,0
DA:45,0
DA:47,0
DA:48,0
DA:49,0
DA:53,0
DA:55,0
DA:56,0
DA:57,0
DA:63,0
DA:65,0
DA:70,0
DA:75,0
DA:76,0
DA:77,0
DA:78,0
DA:79,0
DA:82,0
DA:88,0
DA:89,0
DA:90,0
DA:91,0
DA:92,0
DA:95,0
DA:96,0
DA:100,0
DA:101,0
DA:103,0
DA:107,0
DA:108,0
DA:109,0
DA:112,0
DA:116,0
DA:117,0
DA:118,0
DA:122,0
DA:125,0
DA:128,0
DA:129,0
DA:131,0
DA:132,0
DA:133,0
DA:134,0
DA:139,0
LF:68
LH:0
BRDA:18,0,0,0
BRDA:18,0,1,0
BRDA:18,1,0,0
BRDA:18,1,1,0
BRDA:18,2,0,0
BRDA:18,2,1,0
BRDA:18,3,0,0
BRDA:18,3,1,0
BRDA:18,4,0,0
BRDA:18,4,1,0
BRDA:18,5,0,0
BRDA:18,5,1,0
BRDA:25,6,0,0
BRDA:30,7,0,0
BRDA:30,7,1,0
BRDA:32,8,0,0
BRDA:38,9,0,0
BRDA:38,9,1,0
BRDA:40,10,0,0
BRDA:42,11,0,0
BRDA:43,12,0,0
BRDA:55,13,0,0
BRDA:55,14,0,0
BRDA:55,14,1,0
BRDA:55,15,0,0
BRDA:55,15,1,0
BRDA:55,16,0,0
BRDA:55,16,1,0
BRDA:67,17,0,0
BRDA:67,17,1,0
BRDA:88,18,0,0
BRDA:100,19,0,0
BRDA:100,19,1,0
BRDA:107,20,0,0
BRDA:131,21,0,0
BRDA:133,22,0,0
BRDA:133,22,1,0
BRF:37
BRH:0
end_of_record
TN:
SF:src/action/action.types.ts
FN:73,(anonymous_0)
FN:78,(anonymous_1)
FN:86,(anonymous_2)
FNF:3
FNH:3
FNDA:2,(anonymous_0)
FNDA:2,(anonymous_1)
FNDA:2,(anonymous_2)
DA:73,2
DA:74,2
DA:75,2
DA:78,2
DA:79,2
DA:80,2
DA:86,2
DA:87,2
DA:88,2
DA:89,2
LF:10
LH:10
BRDA:73,0,0,2
BRDA:73,0,1,2
BRDA:78,1,0,2
BRDA:78,1,1,2
BRDA:86,2,0,2
BRDA:86,2,1,2
BRF:6
BRH:6
end_of_record
TN:
SF:src/action/index.ts
FN:10,getNumberFromValue
FN:15,getWorkflowIdFromValue
FN:25,getWorkflowInputs
FN:57,getDispatchMethod
FN:76,getRef
FN:98,getEventType
FN:117,getWorkflow
FN:145,getConfig
FN:170,getBackoffOptions
FNF:9
FNH:9
FNDA:24,getNumberFromValue
FNDA:11,getWorkflowIdFromValue
FNDA:11,getWorkflowInputs
FNDA:18,getDispatchMethod
FNDA:17,getRef
FNDA:13,getEventType
FNDA:15,getWorkflow
FNDA:18,getConfig
FNDA:1,getBackoffOptions
DA:1,2
DA:2,2
DA:11,24
DA:12,24
DA:18,11
DA:19,10
DA:21,1
DA:22,1
DA:28,11
DA:29,11
DA:30,1
DA:33,10
DA:34,10
DA:36,9
DA:37,1
DA:40,8
DA:41,8
DA:42,2
DA:50,6
DA:52,3
DA:53,3
DA:58,18
DA:59,18
DA:60,18
DA:63,17
DA:65,1
DA:71,1
DA:72,1
DA:77,17
DA:78,17
DA:79,17
DA:80,1
DA:85,16
DA:86,1
DA:91,2
DA:92,2
DA:95,15
DA:99,13
DA:100,13
DA:101,13
DA:102,1
DA:105,12
DA:106,1
DA:110,2
DA:111,2
DA:114,11
DA:120,15
DA:122,15
DA:123,15
DA:124,1
DA:127,14
DA:128,1
DA:132,2
DA:133,2
DA:134,2
DA:136,2
DA:139,13
DA:140,11
DA:142,2
DA:145,2
DA:146,18
DA:148,17
DA:170,2
DA:171,1
DA:178,2
LF:65
LH:65
BRDA:12,0,0,3
BRDA:12,0,1,21
BRDA:18,1,0,10
BRDA:22,2,0,0
BRDA:22,2,1,1
BRDA:29,3,0,1
BRDA:36,4,0,1
BRDA:41,5,0,2
BRDA:60,6,0,17
BRDA:60,6,1,1
BRDA:79,7,0,1
BRDA:79,8,0,17
BRDA:79,8,1,4
BRDA:85,9,0,1
BRDA:85,10,0,16
BRDA:85,10,1,13
BRDA:95,11,0,15
BRDA:95,11,1,3
BRDA:101,12,0,1
BRDA:101,13,0,13
BRDA:101,13,1,2
BRDA:105,14,0,1
BRDA:105,15,0,12
BRDA:105,15,1,11
BRDA:114,16,0,11
BRDA:114,16,1,10
BRDA:123,17,0,1
BRDA:123,18,0,15
BRDA:123,18,1,12
BRDA:127,19,0,1
BRDA:127,20,0,14
BRDA:127,20,1,3
BRDA:133,21,0,2
BRDA:134,22,0,2
BRDA:134,22,1,2
BRDA:139,23,0,11
BRDA:140,24,0,11
BRDA:140,24,1,10
BRDA:159,25,0,8
BRDA:159,25,1,1
BRDA:162,26,0,8
BRDA:162,26,1,1
BRDA:165,27,0,8
BRDA:165,27,1,1
BRF:44
BRH:43
end_of_record
TN:
SF:src/api/index.ts
FN:11,init
FN:16,workflowDispatch
FN:60,repositoryDispatch
FN:91,getWorkflowId
FN:104,(anonymous_21)
FN:117,getWorkflowRuns
FN:164,(anonymous_24)
FN:175,(anonymous_25)
FN:180,getDefaultBranch
FNF:9
FNH:9
FNDA:45,init
FNDA:7,workflowDispatch
FNDA:5,repositoryDispatch
FNDA:3,getWorkflowId
FNDA:3,(anonymous_21)
FNDA:5,getWorkflowRuns
FNDA:6,(anonymous_24)
FNDA:6,(anonymous_25)
FNDA:3,getDefaultBranch
DA:1,1
DA:2,1
DA:3,1
DA:4,1
DA:11,1
DA:12,45
DA:13,45
DA:16,1
DA:17,7
DA:21,7
DA:22,1
DA:26,6
DA:27,1
DA:38,5
DA:46,5
DA:47,1
DA:52,4
DA:60,1
DA:61,5
DA:65,5
DA:66,1
DA:71,4
DA:78,4
DA:79,1
DA:84,3
DA:91,1
DA:93,3
DA:98,3
DA:99,1
DA:104,2
DA:105,3
DA:108,2
DA:109,1
DA:114,1
DA:117,1
DA:122,5
DA:123,4
DA:125,4
DA:126,1
DA:129,3
DA:142,3
DA:145,1
DA:147,1
DA:154,1
DA:157,4
DA:158,1
DA:163,3
DA:164,6
DA:171,3
DA:175,6
DA:177,3
DA:180,1
DA:181,3
DA:186,3
DA:187,1
DA:192,2
DA:197,2
DA:200,1
LF:58
LH:58
BRDA:12,0,0,45
BRDA:12,0,1,0
BRDA:19,1,0,6
BRDA:19,1,1,1
BRDA:21,2,0,1
BRDA:26,3,0,1
BRDA:46,4,0,1
BRDA:46,5,0,5
BRDA:46,5,1,2
BRDA:63,6,0,4
BRDA:63,6,1,1
BRDA:65,7,0,1
BRDA:78,8,0,1
BRDA:98,9,0,1
BRDA:108,10,0,1
BRDA:122,11,0,4
BRDA:122,11,1,1
BRDA:125,12,0,1
BRDA:133,13,0,2
BRDA:133,13,1,1
BRDA:157,14,0,1
BRDA:166,15,0,6
BRDA:166,15,1,3
BRDA:174,16,0,3
BRDA:174,16,1,2
BRDA:186,17,0,1
BRF:26
BRH:25
end_of_record
TN:
SF:src/utils/index.ts
FN:4,getBranchNameFromHeadRef
FN:11,isTagRef
FN:15,getBranchNameFromRef
FN:42,getDispatchedWorkflowRun
FN:46,(anonymous_10)
FNF:5
FNH:5
FNDA:6,getBranchNameFromHeadRef
FNDA:9,isTagRef
FNDA:10,getBranchNameFromRef
FNDA:3,getDispatchedWorkflowRun
FNDA:2,(anonymous_10)
DA:1,2
DA:5,6
DA:6,6
DA:7,4
DA:12,9
DA:15,2
DA:16,10
DA:17,1
DA:20,9
DA:21,3
DA:22,3
DA:39,6
DA:42,2
DA:46,3
DA:47,2
DA:49,3
DA:50,1
DA:52,2
LF:18
LH:18
BRDA:6,0,0,4
BRDA:6,1,0,6
BRDA:6,1,1,5
BRDA:16,2,0,1
BRDA:20,3,0,3
BRDA:39,4,0,6
BRDA:39,4,1,2
BRDA:49,5,0,1
BRF:8
BRH:8
end_of_record
