TN:
SF:src/config.ts
FN:34,getConfig
FNF:1
FNH:1
FNDA:14,getConfig
DA:17,3
DA:34,3
DA:35,14
DA:61,13
DA:62,4
DA:65,13
LF:6
LH:6
BRDA:37,0,0,14
BRDA:37,0,1,13
BRDA:37,0,2,2
BRDA:61,1,0,4
BRF:4
BRH:4
end_of_record
TN:
SF:src/github.ts
FN:39,DefaultOctokit
FN:82,getRepos
FN:99,(anonymous_17)
FN:102,listAllMatchingRepos
FN:120,(anonymous_20)
FN:126,listAllReposForAuthenticatedUser
FN:149,(anonymous_23)
FN:152,filterReposByPatterns
FN:156,(anonymous_25)
FN:159,(anonymous_26)
FN:159,(anonymous_27)
FN:163,getPublicKey
FN:228,setSecretForRepo
FN:287,deleteSecretForRepo
FNF:14
FNH:14
FNDA:4,DefaultOctokit
FNDA:1,getRepos
FNDA:3,(anonymous_17)
FNDA:2,listAllMatchingRepos
FNDA:6,(anonymous_20)
FNDA:2,listAllReposForAuthenticatedUser
FNDA:8,(anonymous_23)
FNDA:4,filterReposByPatterns
FNDA:4,(anonymous_25)
FNDA:8,(anonymous_26)
FNDA:8,(anonymous_27)
FNDA:11,getPublicKey
FNDA:11,setSecretForRepo
FNDA:7,deleteSecretForRepo
DA:17,2
DA:19,2
DA:20,2
DA:21,2
DA:22,2
DA:35,2
DA:37,2
DA:39,4
DA:40,4
DA:72,4
DA:79,4
DA:82,2
DA:89,1
DA:91,1
DA:92,3
DA:93,3
DA:97,3
DA:99,3
DA:102,2
DA:113,2
DA:119,2
DA:120,6
DA:123,2
DA:126,2
DA:135,2
DA:137,2
DA:138,4
DA:143,4
DA:145,4
DA:146,2
DA:149,8
DA:152,2
DA:156,4
DA:158,4
DA:159,8
DA:163,2
DA:169,11
DA:171,11
DA:172,11
DA:173,4
DA:180,4
DA:182,4
DA:184,7
DA:186,7
DA:188,2
DA:195,2
DA:197,2
DA:199,2
DA:206,2
DA:208,2
DA:211,3
DA:218,3
DA:220,3
DA:225,0
DA:228,2
DA:238,11
DA:240,11
DA:241,11
DA:242,11
DA:244,11
DA:246,11
DA:247,4
DA:249,1
DA:257,1
DA:266,2
DA:267,1
DA:275,1
DA:287,2
DA:297,7
DA:299,7
DA:301,7
DA:302,7
DA:303,4
DA:304,4
DA:306,1
DA:310,1
DA:315,2
DA:316,1
DA:320,1
LF:79
LH:78
BRDA:105,0,0,2
BRDA:106,1,0,0
BRDA:145,2,0,2
BRDA:171,3,0,11
BRDA:172,4,0,4
BRDA:172,4,1,7
BRDA:186,5,0,2
BRDA:186,5,1,2
BRDA:186,5,2,3
BRDA:186,5,3,3
BRDA:242,6,0,0
BRDA:242,6,1,11
BRDA:246,7,0,4
BRDA:247,8,0,1
BRDA:247,8,1,1
BRDA:247,8,2,2
BRDA:247,8,3,2
BRDA:266,9,0,1
BRDA:266,9,1,1
BRDA:297,10,0,0
BRDA:297,10,1,7
BRDA:302,11,0,4
BRDA:304,12,0,1
BRDA:304,12,1,1
BRDA:304,12,2,2
BRDA:304,12,3,2
BRDA:315,13,0,1
BRDA:315,13,1,1
BRF:28
BRH:25
end_of_record
TN:
SF:src/index.ts
FN:5,validateSubscription
FNF:1
FNH:0
FNDA:0,validateSubscription
DA:1,0
DA:2,0
DA:3,0
DA:6,0
DA:8,0
DA:9,0
DA:11,0
DA:12,0
DA:15,0
DA:17,0
DA:22,0
LF:11
LH:0
BRDA:11,0,0,0
BRDA:11,0,1,0
BRDA:11,1,0,0
BRDA:11,1,1,0
BRF:4
BRH:0
end_of_record
TN:
SF:src/main.ts
FN:32,run
FN:44,(anonymous_16)
FN:78,(anonymous_17)
FN:107,(anonymous_18)
FNF:4
FNH:4
FNDA:4,run
FNDA:9,(anonymous_16)
FNDA:3,(anonymous_17)
FNDA:3,(anonymous_18)
DA:17,1
DA:19,1
DA:28,1
DA:29,1
DA:30,1
DA:32,1
DA:33,4
DA:34,4
DA:35,4
DA:43,4
DA:44,9
DA:45,1
DA:48,1
DA:51,3
DA:57,3
DA:58,1
DA:63,2
DA:78,3
DA:80,3
DA:98,3
DA:99,3
DA:100,3
DA:101,3
DA:102,3
DA:106,3
DA:108,3
DA:122,3
LF:27
LH:27
BRDA:44,0,0,1
BRDA:57,1,0,1
BRDA:57,1,1,2
BRDA:102,2,0,1
BRDA:102,2,1,2
BRF:5
BRH:5
end_of_record
TN:
SF:src/secrets.ts
FN:24,getSecrets
FN:28,(anonymous_7)
FN:34,(anonymous_8)
FN:35,(anonymous_9)
FN:37,(anonymous_10)
FNF:5
FNH:5
FNDA:7,getSecrets
FNDA:7,(anonymous_7)
FNDA:82,(anonymous_8)
FNDA:81,(anonymous_9)
FNDA:78,(anonymous_10)
DA:17,2
DA:24,2
DA:28,7
DA:29,7
DA:31,7
DA:33,7
DA:35,82
DA:39,78
DA:40,77
DA:43,78
DA:45,78
LF:11
LH:11
BRDA:26,0,0,1
BRDA:35,1,0,82
BRDA:35,1,1,80
BRDA:39,2,0,77
BRF:4
BRH:4
end_of_record
TN:
SF:src/utils.ts
FN:22,encrypt
FNF:1
FNH:1
FNDA:12,encrypt
DA:17,3
DA:20,3
DA:22,3
DA:24,12
DA:25,12
DA:28,12
DA:31,12
DA:34,12
DA:36,12
LF:9
LH:9
BRF:0
BRH:0
end_of_record
